Arguments: 
  /Users/loopt/.nvm/versions/node/v16.13.2/bin/node /Users/loopt/.yarn/bin/yarn.js init

PATH: 
  /Users/loopt/.yarn/bin:/Users/loopt/.config/yarn/global/node_modules/.bin:/Users/loopt/.nvm/versions/node/v16.13.2/bin:/opt/homebrew/bin:/opt/homebrew/sbin:/usr/local/bin:/usr/bin:/bin:/usr/sbin:/sbin:/Applications/Little Snitch.app/Contents/Components:/Library/Frameworks/Mono.framework/Versions/Current/Commands

Yarn version: 
  1.22.17

Node version: 
  16.13.2

Platform: 
  darwin arm64

Trace: 
  Error: canceled
      at Interface.<anonymous> (/Users/loopt/.yarn/lib/cli.js:137143:13)
      at Interface.emit (node:events:390:28)
      at Interface._ttyWrite (node:readline:1081:16)
      at ReadStream.onkeypress (node:readline:288:10)
      at ReadStream.emit (node:events:390:28)
      at emitKeys (node:internal/readline/utils:358:14)
      at emitKeys.next (<anonymous>)
      at ReadStream.onData (node:internal/readline/emitKeypressEvents:61:36)
      at ReadStream.emit (node:events:390:28)
      at addChunk (node:internal/streams/readable:315:12)

npm manifest: 
  {
    "name": "clipper",
    "version": "1.0.0",
    "main": "index.js",
    "author": "First last <x@users.noreply.github.com>",
    "license": "MIT",
    "private": true,
    "bin": {
      "clip-mkv": "index.js"
    },
    "dependencies": {
      "@aws-sdk/client-s3": "^3.163.0",
      "@ytdl/ytdl": "^1.4.16",
      "chalk": "4",
      "date-fns": "^2.28.0",
      "dotenv": "^16.0.1",
      "fluent-ffmpeg": "^2.1.2",
      "fs-extra": "^10.1.0",
      "minimist": "^1.2.6",
      "single-instance": "^0.0.1",
      "taskkill": "3",
      "tasklist": "4"
    },
    "devDependencies": {
      "flow-bin": "^0.178.1",
      "prettier": "^2.7.1"
    }
  }

yarn manifest: 
  No manifest

Lockfile: 
  # THIS IS AN AUTOGENERATED FILE. DO NOT EDIT THIS FILE DIRECTLY.
  # yarn lockfile v1
  
  
  "@aws-crypto/crc32@2.0.0":
    version "2.0.0"
    resolved "https://registry.yarnpkg.com/@aws-crypto/crc32/-/crc32-2.0.0.tgz#4ad432a3c03ec3087c5540ff6e41e6565d2dc153"
    integrity sha512-TvE1r2CUueyXOuHdEigYjIZVesInd9KN+K/TFFNfkkxRThiNxO6i4ZqqAVMoEjAamZZ1AA8WXJkjCz7YShHPQA==
    dependencies:
      "@aws-crypto/util" "^2.0.0"
      "@aws-sdk/types" "^3.1.0"
      tslib "^1.11.1"
  
  "@aws-crypto/crc32c@2.0.0":
    version "2.0.0"
    resolved "https://registry.yarnpkg.com/@aws-crypto/crc32c/-/crc32c-2.0.0.tgz#4235336ef78f169f6a05248906703b9b78da676e"
    integrity sha512-vF0eMdMHx3O3MoOXUfBZry8Y4ZDtcuskjjKgJz8YfIDjLStxTZrYXk+kZqtl6A0uCmmiN/Eb/JbC/CndTV1MHg==
    dependencies:
      "@aws-crypto/util" "^2.0.0"
      "@aws-sdk/types" "^3.1.0"
      tslib "^1.11.1"
  
  "@aws-crypto/ie11-detection@^2.0.0":
    version "2.0.0"
    resolved "https://registry.yarnpkg.com/@aws-crypto/ie11-detection/-/ie11-detection-2.0.0.tgz#bb6c2facf8f03457e949dcf0921477397ffa4c6e"
    integrity sha512-pkVXf/dq6PITJ0jzYZ69VhL8VFOFoPZLZqtU/12SGnzYuJOOGNfF41q9GxdI1yqC8R13Rq3jOLKDFpUJFT5eTA==
    dependencies:
      tslib "^1.11.1"
  
  "@aws-crypto/sha1-browser@2.0.0":
    version "2.0.0"
    resolved "https://registry.yarnpkg.com/@aws-crypto/sha1-browser/-/sha1-browser-2.0.0.tgz#71e735df20ea1d38f59259c4b1a2e00ca74a0eea"
    integrity sha512-3fIVRjPFY8EG5HWXR+ZJZMdWNRpwbxGzJ9IH9q93FpbgCH8u8GHRi46mZXp3cYD7gealmyqpm3ThZwLKJjWJhA==
    dependencies:
      "@aws-crypto/ie11-detection" "^2.0.0"
      "@aws-crypto/supports-web-crypto" "^2.0.0"
      "@aws-sdk/types" "^3.1.0"
      "@aws-sdk/util-locate-window" "^3.0.0"
      "@aws-sdk/util-utf8-browser" "^3.0.0"
      tslib "^1.11.1"
  
  "@aws-crypto/sha256-browser@2.0.0":
    version "2.0.0"
    resolved "https://registry.yarnpkg.com/@aws-crypto/sha256-browser/-/sha256-browser-2.0.0.tgz#741c9024df55ec59b51e5b1f5d806a4852699fb5"
    integrity sha512-rYXOQ8BFOaqMEHJrLHul/25ckWH6GTJtdLSajhlqGMx0PmSueAuvboCuZCTqEKlxR8CQOwRarxYMZZSYlhRA1A==
    dependencies:
      "@aws-crypto/ie11-detection" "^2.0.0"
      "@aws-crypto/sha256-js" "^2.0.0"
      "@aws-crypto/supports-web-crypto" "^2.0.0"
      "@aws-crypto/util" "^2.0.0"
      "@aws-sdk/types" "^3.1.0"
      "@aws-sdk/util-locate-window" "^3.0.0"
      "@aws-sdk/util-utf8-browser" "^3.0.0"
      tslib "^1.11.1"
  
  "@aws-crypto/sha256-js@2.0.0":
    version "2.0.0"
    resolved "https://registry.yarnpkg.com/@aws-crypto/sha256-js/-/sha256-js-2.0.0.tgz#f1f936039bdebd0b9e2dd834d65afdc2aac4efcb"
    integrity sha512-VZY+mCY4Nmrs5WGfitmNqXzaE873fcIZDu54cbaDaaamsaTOP1DBImV9F4pICc3EHjQXujyE8jig+PFCaew9ig==
    dependencies:
      "@aws-crypto/util" "^2.0.0"
      "@aws-sdk/types" "^3.1.0"
      tslib "^1.11.1"
  
  "@aws-crypto/sha256-js@^2.0.0":
    version "2.0.1"
    resolved "https://registry.yarnpkg.com/@aws-crypto/sha256-js/-/sha256-js-2.0.1.tgz#79e1e6cf61f652ef2089c08d471c722ecf1626a9"
    integrity sha512-mbHTBSPBvg6o/mN/c18Z/zifM05eJrapj5ggoOIeHIWckvkv5VgGi7r/wYpt+QAO2ySKXLNvH2d8L7bne4xrMQ==
    dependencies:
      "@aws-crypto/util" "^2.0.1"
      "@aws-sdk/types" "^3.1.0"
      tslib "^1.11.1"
  
  "@aws-crypto/supports-web-crypto@^2.0.0":
    version "2.0.0"
    resolved "https://registry.yarnpkg.com/@aws-crypto/supports-web-crypto/-/supports-web-crypto-2.0.0.tgz#fd6cde30b88f77d5a4f57b2c37c560d918014f9e"
    integrity sha512-Ge7WQ3E0OC7FHYprsZV3h0QIcpdyJLvIeg+uTuHqRYm8D6qCFJoiC+edSzSyFiHtZf+NOQDJ1q46qxjtzIY2nA==
    dependencies:
      tslib "^1.11.1"
  
  "@aws-crypto/util@^2.0.0", "@aws-crypto/util@^2.0.1":
    version "2.0.1"
    resolved "https://registry.yarnpkg.com/@aws-crypto/util/-/util-2.0.1.tgz#976cf619cf85084ca85ec5eb947a6ac6b8b5c98c"
    integrity sha512-JJmFFwvbm08lULw4Nm5QOLg8+lAQeC8aCXK5xrtxntYzYXCGfHwUJ4Is3770Q7HmICsXthGQ+ZsDL7C2uH3yBQ==
    dependencies:
      "@aws-sdk/types" "^3.1.0"
      "@aws-sdk/util-utf8-browser" "^3.0.0"
      tslib "^1.11.1"
  
  "@aws-sdk/abort-controller@3.162.0":
    version "3.162.0"
    resolved "https://registry.yarnpkg.com/@aws-sdk/abort-controller/-/abort-controller-3.162.0.tgz#c49c08e61e87c1e6bcba8214177228ecf4007535"
    integrity sha512-8j1f/g+pNny3HkOojl+6phwd1yQE0FmM6EdssRJPA/IpR+SE0qTva2psKfZA9DivAg+/iTBozVCQU5GUJY1F2A==
    dependencies:
      "@aws-sdk/types" "3.162.0"
      tslib "^2.3.1"
  
  "@aws-sdk/chunked-blob-reader-native@3.109.0":
    version "3.109.0"
    resolved "https://registry.yarnpkg.com/@aws-sdk/chunked-blob-reader-native/-/chunked-blob-reader-native-3.109.0.tgz#4db2ec81faf38fe33cf9dd6f75641afe0826dcfd"
    integrity sha512-Ybn3vDZ3CqGyprL2qdF6QZqoqlx8lA3qOJepobjuKKDRw+KgGxjUY4NvWe0R2MdRoduyaDj6uvhIay0S1MOSJQ==
    dependencies:
      "@aws-sdk/util-base64-browser" "3.109.0"
      tslib "^2.3.1"
  
  "@aws-sdk/chunked-blob-reader@3.55.0":
    version "3.55.0"
    resolved "https://registry.yarnpkg.com/@aws-sdk/chunked-blob-reader/-/chunked-blob-reader-3.55.0.tgz#db240c78e7c4c826e707f0ca32a4d221c41cf6a0"
    integrity sha512-o/xjMCq81opAjSBjt7YdHJwIJcGVG5XIV9+C2KXcY5QwVimkOKPybWTv0mXPvSwSilSx+EhpLNhkcJuXdzhw4w==
    dependencies:
      tslib "^2.3.1"
  
  "@aws-sdk/client-s3@^3.163.0":
    version "3.163.0"
    resolved "https://registry.yarnpkg.com/@aws-sdk/client-s3/-/client-s3-3.163.0.tgz#744d69e74237993e84912870c1c581e7ec1214ca"
    integrity sha512-pWjsVnD9kjXeS8yan8pMj6p+3yIvzR8gEpV6MDWDbJnlhD432M8WZUsFo+lkDK+2sfvGvdIg+gKd+Cb2cO8KvQ==
    dependencies:
      "@aws-crypto/sha1-browser" "2.0.0"
      "@aws-crypto/sha256-browser" "2.0.0"
      "@aws-crypto/sha256-js" "2.0.0"
      "@aws-sdk/client-sts" "3.163.0"
      "@aws-sdk/config-resolver" "3.163.0"
      "@aws-sdk/credential-provider-node" "3.163.0"
      "@aws-sdk/eventstream-serde-browser" "3.162.0"
      "@aws-sdk/eventstream-serde-config-resolver" "3.162.0"
      "@aws-sdk/eventstream-serde-node" "3.162.0"
      "@aws-sdk/fetch-http-handler" "3.162.0"
      "@aws-sdk/hash-blob-browser" "3.162.0"
      "@aws-sdk/hash-node" "3.162.0"
      "@aws-sdk/hash-stream-node" "3.162.0"
      "@aws-sdk/invalid-dependency" "3.162.0"
      "@aws-sdk/md5-js" "3.162.0"
      "@aws-sdk/middleware-bucket-endpoint" "3.162.0"
      "@aws-sdk/middleware-content-length" "3.162.0"
      "@aws-sdk/middleware-expect-continue" "3.162.0"
      "@aws-sdk/middleware-flexible-checksums" "3.162.0"
      "@aws-sdk/middleware-host-header" "3.162.0"
      "@aws-sdk/middleware-location-constraint" "3.162.0"
      "@aws-sdk/middleware-logger" "3.162.0"
      "@aws-sdk/middleware-recursion-detection" "3.162.0"
      "@aws-sdk/middleware-retry" "3.162.0"
      "@aws-sdk/middleware-sdk-s3" "3.162.0"
      "@aws-sdk/middleware-serde" "3.162.0"
      "@aws-sdk/middleware-signing" "3.163.0"
      "@aws-sdk/middleware-ssec" "3.162.0"
      "@aws-sdk/middleware-stack" "3.162.0"
      "@aws-sdk/middleware-user-agent" "3.162.0"
      "@aws-sdk/node-config-provider" "3.162.0"
      "@aws-sdk/node-http-handler" "3.162.0"
      "@aws-sdk/protocol-http" "3.162.0"
      "@aws-sdk/signature-v4-multi-region" "3.163.0"
      "@aws-sdk/smithy-client" "3.162.0"
      "@aws-sdk/types" "3.162.0"
      "@aws-sdk/url-parser" "3.162.0"
      "@aws-sdk/util-base64-browser" "3.109.0"
      "@aws-sdk/util-base64-node" "3.55.0"
      "@aws-sdk/util-body-length-browser" "3.154.0"
      "@aws-sdk/util-body-length-node" "3.55.0"
      "@aws-sdk/util-defaults-mode-browser" "3.162.0"
      "@aws-sdk/util-defaults-mode-node" "3.163.0"
      "@aws-sdk/util-stream-browser" "3.162.0"
      "@aws-sdk/util-stream-node" "3.162.0"
      "@aws-sdk/util-user-agent-browser" "3.162.0"
      "@aws-sdk/util-user-agent-node" "3.162.0"
      "@aws-sdk/util-utf8-browser" "3.109.0"
      "@aws-sdk/util-utf8-node" "3.109.0"
      "@aws-sdk/util-waiter" "3.162.0"
      "@aws-sdk/xml-builder" "3.142.0"
      entities "2.2.0"
      fast-xml-parser "3.19.0"
      tslib "^2.3.1"
  
  "@aws-sdk/client-sso@3.163.0":
    version "3.163.0"
    resolved "https://registry.yarnpkg.com/@aws-sdk/client-sso/-/client-sso-3.163.0.tgz#fa99acadf4f049c0482ac92373b64ad409f26570"
    integrity sha512-qWVDIhHwrGQf+vu+y/6Yq/YaWwdp8wa3OhX5JbaU5aBEoRYVAMEZX/srHKcfGR4Lu9lHoUZcXp3XnKugZiN49g==
    dependencies:
      "@aws-crypto/sha256-browser" "2.0.0"
      "@aws-crypto/sha256-js" "2.0.0"
      "@aws-sdk/config-resolver" "3.163.0"
      "@aws-sdk/fetch-http-handler" "3.162.0"
      "@aws-sdk/hash-node" "3.162.0"
      "@aws-sdk/invalid-dependency" "3.162.0"
      "@aws-sdk/middleware-content-length" "3.162.0"
      "@aws-sdk/middleware-host-header" "3.162.0"
      "@aws-sdk/middleware-logger" "3.162.0"
      "@aws-sdk/middleware-recursion-detection" "3.162.0"
      "@aws-sdk/middleware-retry" "3.162.0"
      "@aws-sdk/middleware-serde" "3.162.0"
      "@aws-sdk/middleware-stack" "3.162.0"
      "@aws-sdk/middleware-user-agent" "3.162.0"
      "@aws-sdk/node-config-provider" "3.162.0"
      "@aws-sdk/node-http-handler" "3.162.0"
      "@aws-sdk/protocol-http" "3.162.0"
      "@aws-sdk/smithy-client" "3.162.0"
      "@aws-sdk/types" "3.162.0"
      "@aws-sdk/url-parser" "3.162.0"
      "@aws-sdk/util-base64-browser" "3.109.0"
      "@aws-sdk/util-base64-node" "3.55.0"
      "@aws-sdk/util-body-length-browser" "3.154.0"
      "@aws-sdk/util-body-length-node" "3.55.0"
      "@aws-sdk/util-defaults-mode-browser" "3.162.0"
      "@aws-sdk/util-defaults-mode-node" "3.163.0"
      "@aws-sdk/util-user-agent-browser" "3.162.0"
      "@aws-sdk/util-user-agent-node" "3.162.0"
      "@aws-sdk/util-utf8-browser" "3.109.0"
      "@aws-sdk/util-utf8-node" "3.109.0"
      tslib "^2.3.1"
  
  "@aws-sdk/client-sts@3.163.0":
    version "3.163.0"
    resolved "https://registry.yarnpkg.com/@aws-sdk/client-sts/-/client-sts-3.163.0.tgz#8af28c722c9a45adf4eca324395f33490bf4a141"
    integrity sha512-gm0dzuy+qE61F0W8YYGeSQzY9Bn0O+K6LMcwxJhsOkN8drzEe3KJqEIfSSrYBgUoSc5+qvzwmXpC1W9hb8D1ZA==
    dependencies:
      "@aws-crypto/sha256-browser" "2.0.0"
      "@aws-crypto/sha256-js" "2.0.0"
      "@aws-sdk/config-resolver" "3.163.0"
      "@aws-sdk/credential-provider-node" "3.163.0"
      "@aws-sdk/fetch-http-handler" "3.162.0"
      "@aws-sdk/hash-node" "3.162.0"
      "@aws-sdk/invalid-dependency" "3.162.0"
      "@aws-sdk/middleware-content-length" "3.162.0"
      "@aws-sdk/middleware-host-header" "3.162.0"
      "@aws-sdk/middleware-logger" "3.162.0"
      "@aws-sdk/middleware-recursion-detection" "3.162.0"
      "@aws-sdk/middleware-retry" "3.162.0"
      "@aws-sdk/middleware-sdk-sts" "3.163.0"
      "@aws-sdk/middleware-serde" "3.162.0"
      "@aws-sdk/middleware-signing" "3.163.0"
      "@aws-sdk/middleware-stack" "3.162.0"
      "@aws-sdk/middleware-user-agent" "3.162.0"
      "@aws-sdk/node-config-provider" "3.162.0"
      "@aws-sdk/node-http-handler" "3.162.0"
      "@aws-sdk/protocol-http" "3.162.0"
      "@aws-sdk/smithy-client" "3.162.0"
      "@aws-sdk/types" "3.162.0"
      "@aws-sdk/url-parser" "3.162.0"
      "@aws-sdk/util-base64-browser" "3.109.0"
      "@aws-sdk/util-base64-node" "3.55.0"
      "@aws-sdk/util-body-length-browser" "3.154.0"
      "@aws-sdk/util-body-length-node" "3.55.0"
      "@aws-sdk/util-defaults-mode-browser" "3.162.0"
      "@aws-sdk/util-defaults-mode-node" "3.163.0"
      "@aws-sdk/util-user-agent-browser" "3.162.0"
      "@aws-sdk/util-user-agent-node" "3.162.0"
      "@aws-sdk/util-utf8-browser" "3.109.0"
      "@aws-sdk/util-utf8-node" "3.109.0"
      entities "2.2.0"
      fast-xml-parser "3.19.0"
      tslib "^2.3.1"
  
  "@aws-sdk/config-resolver@3.163.0":
    version "3.163.0"
    resolved "https://registry.yarnpkg.com/@aws-sdk/config-resolver/-/config-resolver-3.163.0.tgz#65ae429a02d65a8a9d2fe321cc88fa9117c6ecae"
    integrity sha512-iBl5Zc3+VRGJy6n+aMcg++7tzYi4G1bHia6v/eF93SvdKxtRv40M9QnqoNfaNUuw9U2ltwKOHepw7J3bkOA8cQ==
    dependencies:
      "@aws-sdk/signature-v4" "3.163.0"
      "@aws-sdk/types" "3.162.0"
      "@aws-sdk/util-config-provider" "3.109.0"
      "@aws-sdk/util-middleware" "3.162.0"
      tslib "^2.3.1"
  
  "@aws-sdk/credential-provider-env@3.162.0":
    version "3.162.0"
    resolved "https://registry.yarnpkg.com/@aws-sdk/credential-provider-env/-/credential-provider-env-3.162.0.tgz#be2bf9587d9e7b2a10b1c2530c5984b60efc11bd"
    integrity sha512-yzCJXiAAbZZHB4iThi4I+rs+gTYwBSetdU4Z1D89a2xjcOjCa8IhdQKm3GO/uJMScy4VtW3EEFG4/zZ7dVQPOw==
    dependencies:
      "@aws-sdk/property-provider" "3.162.0"
      "@aws-sdk/types" "3.162.0"
      tslib "^2.3.1"
  
  "@aws-sdk/credential-provider-imds@3.162.0":
    version "3.162.0"
    resolved "https://registry.yarnpkg.com/@aws-sdk/credential-provider-imds/-/credential-provider-imds-3.162.0.tgz#bb8002a37c42e6f2f42fcafff3a8e4262b6aac4a"
    integrity sha512-ohrHMIu2MNauPjbE8mEMKtlEQH/VZdpNswPigaEejUGVumz0NSft9PlIn2X79sNX5Y+uXopynMQF4MZj773hTw==
    dependencies:
      "@aws-sdk/node-config-provider" "3.162.0"
      "@aws-sdk/property-provider" "3.162.0"
      "@aws-sdk/types" "3.162.0"
      "@aws-sdk/url-parser" "3.162.0"
      tslib "^2.3.1"
  
  "@aws-sdk/credential-provider-ini@3.163.0":
    version "3.163.0"
    resolved "https://registry.yarnpkg.com/@aws-sdk/credential-provider-ini/-/credential-provider-ini-3.163.0.tgz#5c82fafbf051843f7739aacca4bf34d0a19780c1"
    integrity sha512-i6WF+Q00MKzFnzVqQie0xDCVq0JtAxq9UA0lCHOAtKwIvQXTZka/Ya3oII0cn9I3avCZLcI/SYZc9lmVEiJfDg==
    dependencies:
      "@aws-sdk/credential-provider-env" "3.162.0"
      "@aws-sdk/credential-provider-imds" "3.162.0"
      "@aws-sdk/credential-provider-sso" "3.163.0"
      "@aws-sdk/credential-provider-web-identity" "3.162.0"
      "@aws-sdk/property-provider" "3.162.0"
      "@aws-sdk/shared-ini-file-loader" "3.162.0"
      "@aws-sdk/types" "3.162.0"
      tslib "^2.3.1"
  
  "@aws-sdk/credential-provider-node@3.163.0":
    version "3.163.0"
    resolved "https://registry.yarnpkg.com/@aws-sdk/credential-provider-node/-/credential-provider-node-3.163.0.tgz#d5ac87da6a8d0d1535b4099670ca178be2dc78d1"
    integrity sha512-43Fp3YyfgK8M+yEpzxUXUWwGzG4AEpd+4IO5CBna0ZnrNX+x7JbZTUXfSopkPkMnZeudgjHvNF6/Vr7v9pOSkw==
    dependencies:
      "@aws-sdk/credential-provider-env" "3.162.0"
      "@aws-sdk/credential-provider-imds" "3.162.0"
      "@aws-sdk/credential-provider-ini" "3.163.0"
      "@aws-sdk/credential-provider-process" "3.162.0"
      "@aws-sdk/credential-provider-sso" "3.163.0"
      "@aws-sdk/credential-provider-web-identity" "3.162.0"
      "@aws-sdk/property-provider" "3.162.0"
      "@aws-sdk/shared-ini-file-loader" "3.162.0"
      "@aws-sdk/types" "3.162.0"
      tslib "^2.3.1"
  
  "@aws-sdk/credential-provider-process@3.162.0":
    version "3.162.0"
    resolved "https://registry.yarnpkg.com/@aws-sdk/credential-provider-process/-/credential-provider-process-3.162.0.tgz#e54db5f3ac5a5200a6f04803b05278c028a54447"
    integrity sha512-KtmYjlCMAa0XF3IJo4dxSF+OWmRoHbrdEHGEZw+j6iCZ3Nz6Y6xCsdxun5rAKdom1QRNMDR4wX0hRAdPYobW2w==
    dependencies:
      "@aws-sdk/property-provider" "3.162.0"
      "@aws-sdk/shared-ini-file-loader" "3.162.0"
      "@aws-sdk/types" "3.162.0"
      tslib "^2.3.1"
  
  "@aws-sdk/credential-provider-sso@3.163.0":
    version "3.163.0"
    resolved "https://registry.yarnpkg.com/@aws-sdk/credential-provider-sso/-/credential-provider-sso-3.163.0.tgz#b8a241aeeacc17773600cfb41a2faf1f703f80b1"
    integrity sha512-VbmxP4Z0sxqBzbqs5u86/5q2PG3xzTClOWE1aUWoiBLqDRkO3+4lpLUKD0lwh9Ot3Ai/pT2KYDgxkRBXrfA/bA==
    dependencies:
      "@aws-sdk/client-sso" "3.163.0"
      "@aws-sdk/property-provider" "3.162.0"
      "@aws-sdk/shared-ini-file-loader" "3.162.0"
      "@aws-sdk/types" "3.162.0"
      tslib "^2.3.1"
  
  "@aws-sdk/credential-provider-web-identity@3.162.0":
    version "3.162.0"
    resolved "https://registry.yarnpkg.com/@aws-sdk/credential-provider-web-identity/-/credential-provider-web-identity-3.162.0.tgz#0b06aee91777b16c362ad565e9f1fdf77de7e8f6"
    integrity sha512-vy86OS5/h+Vfk1bxvWjbayyUtFNdwU+mfALin3zxJbFqneSxRBydNBomt/guJjapZE+h865lkteyOsqsYMskzQ==
    dependencies:
      "@aws-sdk/property-provider" "3.162.0"
      "@aws-sdk/types" "3.162.0"
      tslib "^2.3.1"
  
  "@aws-sdk/eventstream-codec@3.162.0":
    version "3.162.0"
    resolved "https://registry.yarnpkg.com/@aws-sdk/eventstream-codec/-/eventstream-codec-3.162.0.tgz#c105a2d3081b0b74a3d1be6c49bd489a677102ad"
    integrity sha512-DllkOwvOFO28nuFyY+Klu31aRwHp1Db6G6BfMfRFACId5RIE9LNVgEoNnR/uluZqQ9IN7k7kyp7ycztyn18tUA==
    dependencies:
      "@aws-crypto/crc32" "2.0.0"
      "@aws-sdk/types" "3.162.0"
      "@aws-sdk/util-hex-encoding" "3.109.0"
      tslib "^2.3.1"
  
  "@aws-sdk/eventstream-serde-browser@3.162.0":
    version "3.162.0"
    resolved "https://registry.yarnpkg.com/@aws-sdk/eventstream-serde-browser/-/eventstream-serde-browser-3.162.0.tgz#d84952d5c65b247b3e01c4ee59c42a716338ce38"
    integrity sha512-99xPbUs3JS+uwdKe+pZu3UOc/GeI9qPk4epramssgaLKzQGkO4ylN3CD9ts4xeMXkE+VS0p0lEKeg80/fkzqzA==
    dependencies:
      "@aws-sdk/eventstream-serde-universal" "3.162.0"
      "@aws-sdk/types" "3.162.0"
      tslib "^2.3.1"
  
  "@aws-sdk/eventstream-serde-config-resolver@3.162.0":
    version "3.162.0"
    resolved "https://registry.yarnpkg.com/@aws-sdk/eventstream-serde-config-resolver/-/eventstream-serde-config-resolver-3.162.0.tgz#2c5f749262575d44b8ebebff96e243d9c0bbcf38"
    integrity sha512-1G4IUPrcONzZ0o60CLbv3dOZT9UhT1iOCSRXzdy7XiTQ4rNLpqZVLG8GxNdu2ZpuDoW0ZdpjRDfmnzX+IXAILA==
    dependencies:
      "@aws-sdk/types" "3.162.0"
      tslib "^2.3.1"
  
  "@aws-sdk/eventstream-serde-node@3.162.0":
    version "3.162.0"
    resolved "https://registry.yarnpkg.com/@aws-sdk/eventstream-serde-node/-/eventstream-serde-node-3.162.0.tgz#06676c14b9cea5f179586d47bdbac9c60966efb4"
    integrity sha512-bXfgIR/6ZBdu022sTr0dRjEWMI1Z0UKCARYuywygwQ7GtAzhyHaRKrLk59foDX9NkLTExlQCfIRcsW6rMjL+hA==
    dependencies:
      "@aws-sdk/eventstream-serde-universal" "3.162.0"
      "@aws-sdk/types" "3.162.0"
      tslib "^2.3.1"
  
  "@aws-sdk/eventstream-serde-universal@3.162.0":
    version "3.162.0"
    resolved "https://registry.yarnpkg.com/@aws-sdk/eventstream-serde-universal/-/eventstream-serde-universal-3.162.0.tgz#cf515746715baed3efc9bdac9e28ed29e8546142"
    integrity sha512-EnZGRWUkZ8d07OuoN+WG1u+ta42b6szf06F+SE2pKhsiAfnHHN3MsfxsnUN/ZYsgSXv6COxdp+acHR8CnjzRMQ==
    dependencies:
      "@aws-sdk/eventstream-codec" "3.162.0"
      "@aws-sdk/types" "3.162.0"
      tslib "^2.3.1"
  
  "@aws-sdk/fetch-http-handler@3.162.0":
    version "3.162.0"
    resolved "https://registry.yarnpkg.com/@aws-sdk/fetch-http-handler/-/fetch-http-handler-3.162.0.tgz#d90d3f179ff11bedf69b971d22a7c00abba650d9"
    integrity sha512-DZLxxEqSMXqKteYohO4w6uoORabpETWso6wBdIFMul1BbEseqLjub1594D5RA18cqkcM2dV4ttw+boPPzOjSAw==
    dependencies:
      "@aws-sdk/protocol-http" "3.162.0"
      "@aws-sdk/querystring-builder" "3.162.0"
      "@aws-sdk/types" "3.162.0"
      "@aws-sdk/util-base64-browser" "3.109.0"
      tslib "^2.3.1"
  
  "@aws-sdk/hash-blob-browser@3.162.0":
    version "3.162.0"
    resolved "https://registry.yarnpkg.com/@aws-sdk/hash-blob-browser/-/hash-blob-browser-3.162.0.tgz#75d1ff18dc3181231b35a131adadfe85cc227e63"
    integrity sha512-m6d9jSQvV0eNWUOaUEHeP5N5AgjKs+wag+sY+Obr1zQlX1hp5boIauCEhTnm2sJxL5Z2M0bSleb/I0V8RFvYHw==
    dependencies:
      "@aws-sdk/chunked-blob-reader" "3.55.0"
      "@aws-sdk/chunked-blob-reader-native" "3.109.0"
      "@aws-sdk/types" "3.162.0"
      tslib "^2.3.1"
  
  "@aws-sdk/hash-node@3.162.0":
    version "3.162.0"
    resolved "https://registry.yarnpkg.com/@aws-sdk/hash-node/-/hash-node-3.162.0.tgz#72eeba4fe923fc96103740600bcb5a217dc8d338"
    integrity sha512-lfyyAb0Cd084QnUNLTkYowD8RW3L5Tb9lNnIMH6HY7uSE/obw1j/OnLUPqpey628WJ5DPyyvNBah3Vu+JVZ5Mw==
    dependencies:
      "@aws-sdk/types" "3.162.0"
      "@aws-sdk/util-buffer-from" "3.55.0"
      tslib "^2.3.1"
  
  "@aws-sdk/hash-stream-node@3.162.0":
    version "3.162.0"
    resolved "https://registry.yarnpkg.com/@aws-sdk/hash-stream-node/-/hash-stream-node-3.162.0.tgz#cfb1e8cc36df4772a339416a5c4c5138064a8648"
    integrity sha512-WnaKxaK+RIl+MOm3oohyKy1rDduNRTxMhSuLpo9NsZVc6tqZBXQ4Y4fTfND80YP6iyAcao1Gv96Ph8H6wY7yzA==
    dependencies:
      "@aws-sdk/types" "3.162.0"
      tslib "^2.3.1"
  
  "@aws-sdk/invalid-dependency@3.162.0":
    version "3.162.0"
    resolved "https://registry.yarnpkg.com/@aws-sdk/invalid-dependency/-/invalid-dependency-3.162.0.tgz#a75b29aae362854041ebc4d282746041231109e4"
    integrity sha512-ENZ7Jf2EcxMMdAX9/sRrt/1rzeA2WwqAKrjIacKGT9KEGQNU+omWF/h+8stLCu0Uxcg0XswFXgQCXcI1IQuZjg==
    dependencies:
      "@aws-sdk/types" "3.162.0"
      tslib "^2.3.1"
  
  "@aws-sdk/is-array-buffer@3.55.0":
    version "3.55.0"
    resolved "https://registry.yarnpkg.com/@aws-sdk/is-array-buffer/-/is-array-buffer-3.55.0.tgz#c46122c5636f01d5895e5256a587768c3425ea7a"
    integrity sha512-NbiPHVYuPxdqdFd6FxzzN3H1BQn/iWA3ri3Ry7AyLeP/tGs1yzEWMwf8BN8TSMALI0GXT6Sh0GDWy3Ok5xB6DA==
    dependencies:
      tslib "^2.3.1"
  
  "@aws-sdk/md5-js@3.162.0":
    version "3.162.0"
    resolved "https://registry.yarnpkg.com/@aws-sdk/md5-js/-/md5-js-3.162.0.tgz#f469e9dca0eea77ce9d87cf157dc034b834f1144"
    integrity sha512-8rODeZjopffWtnvGOOn3JZghztvxZBAF9a8I6rAUFUveOvyZbxhDZRxdqfGbnNesYBKxZRjU4hjt9dvfmRVSvw==
    dependencies:
      "@aws-sdk/types" "3.162.0"
      "@aws-sdk/util-utf8-browser" "3.109.0"
      "@aws-sdk/util-utf8-node" "3.109.0"
      tslib "^2.3.1"
  
  "@aws-sdk/middleware-bucket-endpoint@3.162.0":
    version "3.162.0"
    resolved "https://registry.yarnpkg.com/@aws-sdk/middleware-bucket-endpoint/-/middleware-bucket-endpoint-3.162.0.tgz#7930aa6ecc2248c578996e43b00b4cddd77b8904"
    integrity sha512-WkT8BqBN1GzAAzQnkhmyIIhRrZucCY2LdLgXfArYNgzdxFphUJXk19JuKlT8xQHBNENMnCiX+OHupn4prKXQaA==
    dependencies:
      "@aws-sdk/protocol-http" "3.162.0"
      "@aws-sdk/types" "3.162.0"
      "@aws-sdk/util-arn-parser" "3.55.0"
      "@aws-sdk/util-config-provider" "3.109.0"
      tslib "^2.3.1"
  
  "@aws-sdk/middleware-content-length@3.162.0":
    version "3.162.0"
    resolved "https://registry.yarnpkg.com/@aws-sdk/middleware-content-length/-/middleware-content-length-3.162.0.tgz#987d77a843598aa52d1045745dbae7e79e763464"
    integrity sha512-gwuxHPBNNkr9Ah9gTNHqJ3uIp3zeY+VC2H810+RqkG5QrxU1bGAN/zezIIbcAlXjMM9vTSfO0rxGI04nhTx0BQ==
    dependencies:
      "@aws-sdk/protocol-http" "3.162.0"
      "@aws-sdk/types" "3.162.0"
      tslib "^2.3.1"
  
  "@aws-sdk/middleware-expect-continue@3.162.0":
    version "3.162.0"
    resolved "https://registry.yarnpkg.com/@aws-sdk/middleware-expect-continue/-/middleware-expect-continue-3.162.0.tgz#4d3695f82cf950c6b47d227d8382a145e6992053"
    integrity sha512-6AVKtODhV0mfwAONc67haulkPVlrxNkcgw4gEc4iXTT9ZQiyz4WHUU8hELB0Bkj+7or94BU15fCpUD3rK1VXeQ==
    dependencies:
      "@aws-sdk/protocol-http" "3.162.0"
      "@aws-sdk/types" "3.162.0"
      tslib "^2.3.1"
  
  "@aws-sdk/middleware-flexible-checksums@3.162.0":
    version "3.162.0"
    resolved "https://registry.yarnpkg.com/@aws-sdk/middleware-flexible-checksums/-/middleware-flexible-checksums-3.162.0.tgz#f218775cf65c4b28705a72a6f4968df7a48ca171"
    integrity sha512-KMOOJB+ntqSBVbsNln55Cm+wrPxP0+6dWdRcjuq1NnQqsTHoADiJ+o9+BBYgAFUQR4Q/zWcvxZQ7gTan0W+PLQ==
    dependencies:
      "@aws-crypto/crc32" "2.0.0"
      "@aws-crypto/crc32c" "2.0.0"
      "@aws-sdk/is-array-buffer" "3.55.0"
      "@aws-sdk/protocol-http" "3.162.0"
      "@aws-sdk/types" "3.162.0"
      tslib "^2.3.1"
  
  "@aws-sdk/middleware-host-header@3.162.0":
    version "3.162.0"
    resolved "https://registry.yarnpkg.com/@aws-sdk/middleware-host-header/-/middleware-host-header-3.162.0.tgz#c59015c83f6c574bde72534919022b3a90c3cd2a"
    integrity sha512-gw5xe22P62N9yZPvrVXewM2vp70w9mLRWC1vh6pRDs0hEudAlsbXoWjB/z6jpG6ucA4Y1IOuXy5yGr9lND+zhg==
    dependencies:
      "@aws-sdk/protocol-http" "3.162.0"
      "@aws-sdk/types" "3.162.0"
      tslib "^2.3.1"
  
  "@aws-sdk/middleware-location-constraint@3.162.0":
    version "3.162.0"
    resolved "https://registry.yarnpkg.com/@aws-sdk/middleware-location-constraint/-/middleware-location-constraint-3.162.0.tgz#201f3f97099e6d771f7456cec526c235b608c7d3"
    integrity sha512-CnCx4TA8wZa4fnXYiyj37CIkOnppBKokZFu+mbiG6shxXb4tVA8p4PgptOnDRYJHLzgeD4v7B/zMFpUP3o7a8g==
    dependencies:
      "@aws-sdk/types" "3.162.0"
      tslib "^2.3.1"
  
  "@aws-sdk/middleware-logger@3.162.0":
    version "3.162.0"
    resolved "https://registry.yarnpkg.com/@aws-sdk/middleware-logger/-/middleware-logger-3.162.0.tgz#10b2d552d7aa2c48b91061a418224cc47984272c"
    integrity sha512-3YysLwpTZdfZkve2ytKFIwEc/WqDkxoI5kUXQq2hjsHAjLW7pEhUV00o+LJbgKjNxh38eSmmKeFlr5jnIjXHiQ==
    dependencies:
      "@aws-sdk/types" "3.162.0"
      tslib "^2.3.1"
  
  "@aws-sdk/middleware-recursion-detection@3.162.0":
    version "3.162.0"
    resolved "https://registry.yarnpkg.com/@aws-sdk/middleware-recursion-detection/-/middleware-recursion-detection-3.162.0.tgz#6c13e90ec9cc7b7adcb98bcb3d02eb37cef37b5c"
    integrity sha512-AqoTnSX0JgoFuKPyWy0S+WUJqgfkVz6Os50azi32snjHmluEgLOmfeF0ixfxGFUVGxZp8WDuu/JVhwgTRKVuUA==
    dependencies:
      "@aws-sdk/protocol-http" "3.162.0"
      "@aws-sdk/types" "3.162.0"
      tslib "^2.3.1"
  
  "@aws-sdk/middleware-retry@3.162.0":
    version "3.162.0"
    resolved "https://registry.yarnpkg.com/@aws-sdk/middleware-retry/-/middleware-retry-3.162.0.tgz#0601882f9105fc440b902a937f630da65914bd99"
    integrity sha512-9ZuTim8tnTgP7wNgj+RIdYzGhNgou6QBBX85qMIvngksRUgsd1CGR17HQTyYDZTKlZs7GvLt/L5FaJcOlpPUxA==
    dependencies:
      "@aws-sdk/protocol-http" "3.162.0"
      "@aws-sdk/service-error-classification" "3.162.0"
      "@aws-sdk/types" "3.162.0"
      "@aws-sdk/util-middleware" "3.162.0"
      tslib "^2.3.1"
      uuid "^8.3.2"
  
  "@aws-sdk/middleware-sdk-s3@3.162.0":
    version "3.162.0"
    resolved "https://registry.yarnpkg.com/@aws-sdk/middleware-sdk-s3/-/middleware-sdk-s3-3.162.0.tgz#ea08a1711a56338baeecda5f34188bb4b460c60c"
    integrity sha512-uwdqdmaPbFaui/AYjmlfULvYulG3v3MvNymDU2zngs0tNQO5DMtLFRUeVl1M2a10bvumR6JcXH+MnZhBMCWmnw==
    dependencies:
      "@aws-sdk/middleware-bucket-endpoint" "3.162.0"
      "@aws-sdk/protocol-http" "3.162.0"
      "@aws-sdk/types" "3.162.0"
      "@aws-sdk/util-arn-parser" "3.55.0"
      tslib "^2.3.1"
  
  "@aws-sdk/middleware-sdk-sts@3.163.0":
    version "3.163.0"
    resolved "https://registry.yarnpkg.com/@aws-sdk/middleware-sdk-sts/-/middleware-sdk-sts-3.163.0.tgz#362eedb0739c3b4e98aa1154cc5c6f38d7e18f68"
    integrity sha512-3UV0O5D3HPF5xHsIrDiygs06wmGVnoAXsyrqcZSPkYig9eGP6lTL1I8YS8JIG9/VojQDKjDUpQZMC3Om0+C7hA==
    dependencies:
      "@aws-sdk/middleware-signing" "3.163.0"
      "@aws-sdk/property-provider" "3.162.0"
      "@aws-sdk/protocol-http" "3.162.0"
      "@aws-sdk/signature-v4" "3.163.0"
      "@aws-sdk/types" "3.162.0"
      tslib "^2.3.1"
  
  "@aws-sdk/middleware-serde@3.162.0":
    version "3.162.0"
    resolved "https://registry.yarnpkg.com/@aws-sdk/middleware-serde/-/middleware-serde-3.162.0.tgz#e83201bffd46500ed4ea71bb3ceda63505f31f96"
    integrity sha512-Vdgxbl7/o99CjeljQx3mTpY4cX7rc8YQykD49L2S61D6+Gkk9Zc4DMvaJDcxvR7ZUzRwjMTcMHlxbopcp1+UBA==
    dependencies:
      "@aws-sdk/types" "3.162.0"
      tslib "^2.3.1"
  
  "@aws-sdk/middleware-signing@3.163.0":
    version "3.163.0"
    resolved "https://registry.yarnpkg.com/@aws-sdk/middleware-signing/-/middleware-signing-3.163.0.tgz#9ecc4bdeb1e2b67ab777808818f86ebde9e64578"
    integrity sha512-Uj5vdejYUJOCJAx5u/SHWQTp75bd7GVqnXazO3QFHRjhSCMT55wsm8D+7LKRNbp4SjavO49m9kubXf+pLpqlJQ==
    dependencies:
      "@aws-sdk/property-provider" "3.162.0"
      "@aws-sdk/protocol-http" "3.162.0"
      "@aws-sdk/signature-v4" "3.163.0"
      "@aws-sdk/types" "3.162.0"
      tslib "^2.3.1"
  
  "@aws-sdk/middleware-ssec@3.162.0":
    version "3.162.0"
    resolved "https://registry.yarnpkg.com/@aws-sdk/middleware-ssec/-/middleware-ssec-3.162.0.tgz#2fcda524b9582a3fcec4124037b3cc3e2d81c453"
    integrity sha512-hCPivyliCIQ3nncVJmwxhLiWiuMpk3aQYclhhg//KW8xke7UFr9Q6WD8wzINMWFnBOmsNq1guRi3uVjz6K9m2g==
    dependencies:
      "@aws-sdk/types" "3.162.0"
      tslib "^2.3.1"
  
  "@aws-sdk/middleware-stack@3.162.0":
    version "3.162.0"
    resolved "https://registry.yarnpkg.com/@aws-sdk/middleware-stack/-/middleware-stack-3.162.0.tgz#26b37e6241ca5c1a5e50bb2b1367a39eabd2b5ad"
    integrity sha512-e/by4QvDl9qMQHdBnLz6n8PRglswPb3eS23qT2Wt32KVLUehMUGAf1cdns6YmYSHATK/ivFmT2QHHEnNIc+n5w==
    dependencies:
      tslib "^2.3.1"
  
  "@aws-sdk/middleware-user-agent@3.162.0":
    version "3.162.0"
    resolved "https://registry.yarnpkg.com/@aws-sdk/middleware-user-agent/-/middleware-user-agent-3.162.0.tgz#da374bd9c66efc563ee9a2f6d1fff29c5ebea965"
    integrity sha512-aSCQk+oQbMPVHdncuend4jmd4MguLWjvi67OwKqdZjIKsSQfObCO8vwlfDM+ED3HcOfA0LwSxsFeSfQxC+WHxA==
    dependencies:
      "@aws-sdk/protocol-http" "3.162.0"
      "@aws-sdk/types" "3.162.0"
      tslib "^2.3.1"
  
  "@aws-sdk/node-config-provider@3.162.0":
    version "3.162.0"
    resolved "https://registry.yarnpkg.com/@aws-sdk/node-config-provider/-/node-config-provider-3.162.0.tgz#9637996fd5ef18ce4619b927744727d2aff0d508"
    integrity sha512-PgaekXCCyz/gKkbukt9zYLBJDEVgmCm0l78q5J84yJbu0FhcZY4LaAgCHdzhsgEYWTX497hokzNc3rgLdVu46A==
    dependencies:
      "@aws-sdk/property-provider" "3.162.0"
      "@aws-sdk/shared-ini-file-loader" "3.162.0"
      "@aws-sdk/types" "3.162.0"
      tslib "^2.3.1"
  
  "@aws-sdk/node-http-handler@3.162.0":
    version "3.162.0"
    resolved "https://registry.yarnpkg.com/@aws-sdk/node-http-handler/-/node-http-handler-3.162.0.tgz#771370fe09cc3b030666a6654cf1e461e6fe3cf1"
    integrity sha512-9jNk9SU3nNLZ1OW+fd6zHGdByUDm0FEO3Hy+J62DvbFe16x09TnVnPAoHfZ69kjz5ZNS7Gg0wmdKjUHi9T3lJQ==
    dependencies:
      "@aws-sdk/abort-controller" "3.162.0"
      "@aws-sdk/protocol-http" "3.162.0"
      "@aws-sdk/querystring-builder" "3.162.0"
      "@aws-sdk/types" "3.162.0"
      tslib "^2.3.1"
  
  "@aws-sdk/property-provider@3.162.0":
    version "3.162.0"
    resolved "https://registry.yarnpkg.com/@aws-sdk/property-provider/-/property-provider-3.162.0.tgz#45cdaadfba54bb1c275972f12f33f72c8eb22333"
    integrity sha512-kQLpibZRIrF58axcKY4Pr17YGoVBKBOWKol8jI8vlDhbFJqn14pVLohv4wZ8TzG2kKhWCF+t25YQCefWz2/lkg==
    dependencies:
      "@aws-sdk/types" "3.162.0"
      tslib "^2.3.1"
  
  "@aws-sdk/protocol-http@3.162.0":
    version "3.162.0"
    resolved "https://registry.yarnpkg.com/@aws-sdk/protocol-http/-/protocol-http-3.162.0.tgz#3657cb6627576180d8c5a9a37d6c3f2984d70f92"
    integrity sha512-xMFFxwcO+x5QoQX/LRGb3BpLCIBWC9cBOULm34rYGBySd/zQqebVJOhiKTPzaRL02WZTDNxsEEQHg97Lpe8CNw==
    dependencies:
      "@aws-sdk/types" "3.162.0"
      tslib "^2.3.1"
  
  "@aws-sdk/querystring-builder@3.162.0":
    version "3.162.0"
    resolved "https://registry.yarnpkg.com/@aws-sdk/querystring-builder/-/querystring-builder-3.162.0.tgz#c1667eebeb0e15ac6cae2523afa5ea3a8ca8aa00"
    integrity sha512-3urwxCEpnQwa1B6fKmcr8R2Qmzr8VDttRSay5CgD/stbZ4XUzNsA6G1V36+EL1Vq4vMr1aZhriARioLDlhcz+g==
    dependencies:
      "@aws-sdk/types" "3.162.0"
      "@aws-sdk/util-uri-escape" "3.55.0"
      tslib "^2.3.1"
  
  "@aws-sdk/querystring-parser@3.162.0":
    version "3.162.0"
    resolved "https://registry.yarnpkg.com/@aws-sdk/querystring-parser/-/querystring-parser-3.162.0.tgz#d4f0522cfe2a44d2f242a2e5c9c9cf928930938e"
    integrity sha512-0ccaGsR1O7e3BsprdYBMwGf8gmycTv1Dfz2EB5R6MiTqzcuQJ/lxpIcRh3jhUJaD1TPlUziyrBEAxtLka3HDDQ==
    dependencies:
      "@aws-sdk/types" "3.162.0"
      tslib "^2.3.1"
  
  "@aws-sdk/service-error-classification@3.162.0":
    version "3.162.0"
    resolved "https://registry.yarnpkg.com/@aws-sdk/service-error-classification/-/service-error-classification-3.162.0.tgz#b07ed4ef541ec4d3d3cfe93efae054e3d39b5a1b"
    integrity sha512-AD9XL3CHFzwVWNEzdTo9aRnJl1ImqrRLlJ5zR/5ihTIJ68ZTYEiYP4vNKSCV6UfQ+vaaRNgLwiAx7JXzY54awg==
  
  "@aws-sdk/shared-ini-file-loader@3.162.0":
    version "3.162.0"
    resolved "https://registry.yarnpkg.com/@aws-sdk/shared-ini-file-loader/-/shared-ini-file-loader-3.162.0.tgz#53bc40d774f4411200104e415cbe27a3dea110f7"
    integrity sha512-AGxISXns+1o6Pw+SPizFJDTw4Lwm+JSwhycCNhFU3JfdLsKfLY08JV4JHlcc+TyY4a8HhnGvE3r5t2f2dPLIsA==
    dependencies:
      tslib "^2.3.1"
  
  "@aws-sdk/signature-v4-multi-region@3.163.0":
    version "3.163.0"
    resolved "https://registry.yarnpkg.com/@aws-sdk/signature-v4-multi-region/-/signature-v4-multi-region-3.163.0.tgz#e1d58d6dd40c4530d6ae83f8ebc0ad33a64f5d7c"
    integrity sha512-SIb6e1dFNchvWziKudh7+BbYjUDW7WAEWWz419pKj/WDGdZNaA7dj7rr4IAB9vbi6QqzkECGDszdMqriWbJrDg==
    dependencies:
      "@aws-sdk/protocol-http" "3.162.0"
      "@aws-sdk/signature-v4" "3.163.0"
      "@aws-sdk/types" "3.162.0"
      "@aws-sdk/util-arn-parser" "3.55.0"
      tslib "^2.3.1"
  
  "@aws-sdk/signature-v4@3.163.0":
    version "3.163.0"
    resolved "https://registry.yarnpkg.com/@aws-sdk/signature-v4/-/signature-v4-3.163.0.tgz#6a083fd0fe285b07ca71fc88990c7a9440b7c0b2"
    integrity sha512-1iein+7iAHKcRIXaZhl/lG6JrOR/Qmk27zMqfARzxDF7o/W5arSs3DHIKytO1sOEn9zV6Mqm21dRAumD21VCCg==
    dependencies:
      "@aws-sdk/is-array-buffer" "3.55.0"
      "@aws-sdk/types" "3.162.0"
      "@aws-sdk/util-hex-encoding" "3.109.0"
      "@aws-sdk/util-middleware" "3.162.0"
      "@aws-sdk/util-uri-escape" "3.55.0"
      tslib "^2.3.1"
  
  "@aws-sdk/smithy-client@3.162.0":
    version "3.162.0"
    resolved "https://registry.yarnpkg.com/@aws-sdk/smithy-client/-/smithy-client-3.162.0.tgz#2646b05c287a609a1abb7d28a7009f3314c26803"
    integrity sha512-o7CwdhPvzYMvHY5dTzL2kqN8Zsl2D8pZ1mG2dPdQW9hYnutLOFK1HVv5dIzoSkp3jUwVGh6AXd1i4ZSb2d0LrA==
    dependencies:
      "@aws-sdk/middleware-stack" "3.162.0"
      "@aws-sdk/types" "3.162.0"
      tslib "^2.3.1"
  
  "@aws-sdk/types@3.162.0", "@aws-sdk/types@^3.1.0":
    version "3.162.0"
    resolved "https://registry.yarnpkg.com/@aws-sdk/types/-/types-3.162.0.tgz#e908ff1a5de6bd06d7d6b88a648b384592acf7e2"
    integrity sha512-NBmuwVujH8fURDMvBHkHrYu/JAfG6Js/Bu0mC4o2Kdo5mRa3fD/N9kK0dEAxU1Rxp4wY2E++V9j2ZCw1KBGrSg==
  
  "@aws-sdk/url-parser@3.162.0":
    version "3.162.0"
    resolved "https://registry.yarnpkg.com/@aws-sdk/url-parser/-/url-parser-3.162.0.tgz#ce341d3b6dbcaf52f00b80aff56b24b5ab8c1e82"
    integrity sha512-aJQ2awXYDceLAzPMQETpvI1XQd8oYuqH1EriFzXHqoJTNmYnHb7awtKSqwaS8pq48x1rS/eVtJAi85BG93fXyw==
    dependencies:
      "@aws-sdk/querystring-parser" "3.162.0"
      "@aws-sdk/types" "3.162.0"
      tslib "^2.3.1"
  
  "@aws-sdk/util-arn-parser@3.55.0":
    version "3.55.0"
    resolved "https://registry.yarnpkg.com/@aws-sdk/util-arn-parser/-/util-arn-parser-3.55.0.tgz#6672eb2975e798a460bedfaf6b5618d4e4b262e1"
    integrity sha512-76KJxp4MRWufHYWys7DFl64znr5yeJ3AIQNAPCKKw1sP0hzO7p6Kx0PaJnw9x+CPSzOrT4NbuApL6/srYhKDGg==
    dependencies:
      tslib "^2.3.1"
  
  "@aws-sdk/util-base64-browser@3.109.0":
    version "3.109.0"
    resolved "https://registry.yarnpkg.com/@aws-sdk/util-base64-browser/-/util-base64-browser-3.109.0.tgz#e7faf5c4cbb88bc39b9c1c5a1a79e4c869e9f645"
    integrity sha512-lAZ6fyDGiRLaIsKT9qh7P9FGuNyZ4gAbr1YOSQk/5mHtaTuUvxlPptZuInNM/0MPQm6lpcot00D8IWTucn4PbA==
    dependencies:
      tslib "^2.3.1"
  
  "@aws-sdk/util-base64-node@3.55.0":
    version "3.55.0"
    resolved "https://registry.yarnpkg.com/@aws-sdk/util-base64-node/-/util-base64-node-3.55.0.tgz#da9a3fd6752be49163572144793e6b23d0186ff4"
    integrity sha512-UQ/ZuNoAc8CFMpSiRYmevaTsuRKzLwulZTnM8LNlIt9Wx1tpNvqp80cfvVj7yySKROtEi20wq29h31dZf1eYNQ==
    dependencies:
      "@aws-sdk/util-buffer-from" "3.55.0"
      tslib "^2.3.1"
  
  "@aws-sdk/util-body-length-browser@3.154.0":
    version "3.154.0"
    resolved "https://registry.yarnpkg.com/@aws-sdk/util-body-length-browser/-/util-body-length-browser-3.154.0.tgz#8c4c5d08c1923deeedf46006dc4db820ca606f56"
    integrity sha512-TUuy7paVkBRQrB/XFCsL8iTW6g/ma0S3N8dYOiIMJdeTqTFryeyOGkBpYBgYFQL6zRMZpyu0jOM7GYEffGFOXw==
    dependencies:
      tslib "^2.3.1"
  
  "@aws-sdk/util-body-length-node@3.55.0":
    version "3.55.0"
    resolved "https://registry.yarnpkg.com/@aws-sdk/util-body-length-node/-/util-body-length-node-3.55.0.tgz#67049bbb6c62d794a1bb5a13b9a678988c925489"
    integrity sha512-lU1d4I+9wJwydduXs0SxSfd+mHKjxeyd39VwOv6i2KSwWkPbji9UQqpflKLKw+r45jL7+xU/zfeTUg5Tt/3Gew==
    dependencies:
      tslib "^2.3.1"
  
  "@aws-sdk/util-buffer-from@3.55.0":
    version "3.55.0"
    resolved "https://registry.yarnpkg.com/@aws-sdk/util-buffer-from/-/util-buffer-from-3.55.0.tgz#e7c927974b07a29502aa1ad58509b91d0d7cf0f7"
    integrity sha512-uVzKG1UgvnV7XX2FPTylBujYMKBPBaq/qFBxfl0LVNfrty7YjpfieQxAe6yRLD+T0Kir/WDQwGvYC+tOYG3IGA==
    dependencies:
      "@aws-sdk/is-array-buffer" "3.55.0"
      tslib "^2.3.1"
  
  "@aws-sdk/util-config-provider@3.109.0":
    version "3.109.0"
    resolved "https://registry.yarnpkg.com/@aws-sdk/util-config-provider/-/util-config-provider-3.109.0.tgz#7828b8894b2b23c289ffc5c106cbced7a5d6ee86"
    integrity sha512-GrAZl/aBv0A28LkyNyq8SPJ5fmViCwz80fWLMeWx/6q5AbivuILogjlWwEZSvZ9zrlHOcFC0+AnCa5pQrjaslw==
    dependencies:
      tslib "^2.3.1"
  
  "@aws-sdk/util-defaults-mode-browser@3.162.0":
    version "3.162.0"
    resolved "https://registry.yarnpkg.com/@aws-sdk/util-defaults-mode-browser/-/util-defaults-mode-browser-3.162.0.tgz#41625d5ea4d3d347df00cc5647a0808fcb059c94"
    integrity sha512-BjhuriainNy0ezFqCK//380Wc4xsJJOnq1tmPlHScQxp3g8ucfClvjOUi96XQaTrEf8c8EsYp77+JNsvrHytmw==
    dependencies:
      "@aws-sdk/property-provider" "3.162.0"
      "@aws-sdk/types" "3.162.0"
      bowser "^2.11.0"
      tslib "^2.3.1"
  
  "@aws-sdk/util-defaults-mode-node@3.163.0":
    version "3.163.0"
    resolved "https://registry.yarnpkg.com/@aws-sdk/util-defaults-mode-node/-/util-defaults-mode-node-3.163.0.tgz#9cb4d5b0b1beb9573b11289eee46c762d3a9c0bd"
    integrity sha512-IM5BVeUXzLpb9m8qBSpUc2iO+topP1F7Ojq1GNrl5G/b22f7b1FCL5qkTem/UIXkkgI+efI7jr05xPRGiU73Hg==
    dependencies:
      "@aws-sdk/config-resolver" "3.163.0"
      "@aws-sdk/credential-provider-imds" "3.162.0"
      "@aws-sdk/node-config-provider" "3.162.0"
      "@aws-sdk/property-provider" "3.162.0"
      "@aws-sdk/types" "3.162.0"
      tslib "^2.3.1"
  
  "@aws-sdk/util-hex-encoding@3.109.0":
    version "3.109.0"
    resolved "https://registry.yarnpkg.com/@aws-sdk/util-hex-encoding/-/util-hex-encoding-3.109.0.tgz#93b20acc27c0a1d7d80f653bf19d3dd01c2ccc65"
    integrity sha512-s8CgTNrn3cLkrdiohfxLuOYPCanzvHn/aH5RW6DaMoeQiG5Hl9QUiP/WtdQ9QQx3xvpQFpmvxIaSBwSgFNLQxA==
    dependencies:
      tslib "^2.3.1"
  
  "@aws-sdk/util-locate-window@^3.0.0":
    version "3.55.0"
    resolved "https://registry.yarnpkg.com/@aws-sdk/util-locate-window/-/util-locate-window-3.55.0.tgz#a4136a20ee1bfcb73967a6614caf769ef79db070"
    integrity sha512-0sPmK2JaJE2BbTcnvybzob/VrFKCXKfN4CUKcvn0yGg/me7Bz+vtzQRB3Xp+YSx+7OtWxzv63wsvHoAnXvgxgg==
    dependencies:
      tslib "^2.3.1"
  
  "@aws-sdk/util-middleware@3.162.0":
    version "3.162.0"
    resolved "https://registry.yarnpkg.com/@aws-sdk/util-middleware/-/util-middleware-3.162.0.tgz#5e38b45b52b731ec4be7b3eb65e8097e70a8a844"
    integrity sha512-jDqZZ5nst+NtzvAPIQBdQqGY14Z3HeGANGm5NUoxWp8IlHnEV7GhTFDjFgubf8mgTBCzHnvbuBY1bfkzAeXWBA==
    dependencies:
      tslib "^2.3.1"
  
  "@aws-sdk/util-stream-browser@3.162.0":
    version "3.162.0"
    resolved "https://registry.yarnpkg.com/@aws-sdk/util-stream-browser/-/util-stream-browser-3.162.0.tgz#9fbde6fee82bdef40b36f2529f99378f3899ec4e"
    integrity sha512-1GCOvu6bIQNo3ql/ULobztaJTGxUsWBIgSxftATU0vuCI1Rf4ReluENvpXzdbTEi6mv+k1YUrBBLVzSmFwwxrw==
    dependencies:
      "@aws-sdk/fetch-http-handler" "3.162.0"
      "@aws-sdk/types" "3.162.0"
      "@aws-sdk/util-base64-browser" "3.109.0"
      "@aws-sdk/util-hex-encoding" "3.109.0"
      "@aws-sdk/util-utf8-browser" "3.109.0"
      tslib "^2.3.1"
  
  "@aws-sdk/util-stream-node@3.162.0":
    version "3.162.0"
    resolved "https://registry.yarnpkg.com/@aws-sdk/util-stream-node/-/util-stream-node-3.162.0.tgz#fcc6e8db77c1785033f3f120a2700affee304b7b"
    integrity sha512-MWHF8HIsEdircxXb00/y+SesLugetGiU47xOVQtg40yWdoJyPWzP6kBK6+SWT8uR0r1IYdW7fwyxMbc9TccYcQ==
    dependencies:
      "@aws-sdk/node-http-handler" "3.162.0"
      "@aws-sdk/types" "3.162.0"
      "@aws-sdk/util-buffer-from" "3.55.0"
      tslib "^2.3.1"
  
  "@aws-sdk/util-uri-escape@3.55.0":
    version "3.55.0"
    resolved "https://registry.yarnpkg.com/@aws-sdk/util-uri-escape/-/util-uri-escape-3.55.0.tgz#ee57743c628a1c9f942dfe73205ce890ec011916"
    integrity sha512-mmdDLUpFCN2nkfwlLdOM54lTD528GiGSPN1qb8XtGLgZsJUmg3uJSFIN2lPeSbEwJB3NFjVas/rnQC48i7mV8w==
    dependencies:
      tslib "^2.3.1"
  
  "@aws-sdk/util-user-agent-browser@3.162.0":
    version "3.162.0"
    resolved "https://registry.yarnpkg.com/@aws-sdk/util-user-agent-browser/-/util-user-agent-browser-3.162.0.tgz#735a3611e65df0c4b8a416bbb096e56d0b43f5c9"
    integrity sha512-FNmC2ywy1u3tbUSVCSkCwLvcbjIvj5EzAtF6I2wrMTI5PfaxVIQapKn2EecoVQgf4lsZqvGjyTxbl7SYvf9fxw==
    dependencies:
      "@aws-sdk/types" "3.162.0"
      bowser "^2.11.0"
      tslib "^2.3.1"
  
  "@aws-sdk/util-user-agent-node@3.162.0":
    version "3.162.0"
    resolved "https://registry.yarnpkg.com/@aws-sdk/util-user-agent-node/-/util-user-agent-node-3.162.0.tgz#3c589c1ad1ce2821c9568dd12bb5632b8eb776be"
    integrity sha512-OIbZlccBFwITDQJoymU0V+yqqyPEbJUExJzeiP9bxJ58h7Jxj/da24cxCMaVDYvjhP/PoflOmC5Xblonaeg+oQ==
    dependencies:
      "@aws-sdk/node-config-provider" "3.162.0"
      "@aws-sdk/types" "3.162.0"
      tslib "^2.3.1"
  
  "@aws-sdk/util-utf8-browser@3.109.0", "@aws-sdk/util-utf8-browser@^3.0.0":
    version "3.109.0"
    resolved "https://registry.yarnpkg.com/@aws-sdk/util-utf8-browser/-/util-utf8-browser-3.109.0.tgz#d013272e1981b23a4c84ac06f154db686c0cf84e"
    integrity sha512-FmcGSz0v7Bqpl1SE8G1Gc0CtDpug+rvqNCG/szn86JApD/f5x8oByjbEiAyTU2ZH2VevUntx6EW68ulHyH+x+w==
    dependencies:
      tslib "^2.3.1"
  
  "@aws-sdk/util-utf8-node@3.109.0":
    version "3.109.0"
    resolved "https://registry.yarnpkg.com/@aws-sdk/util-utf8-node/-/util-utf8-node-3.109.0.tgz#89e06d916f5b246c7265f59bac742973ac0767ac"
    integrity sha512-Ti/ZBdvz2eSTElsucjzNmzpyg2MwfD1rXmxD0hZuIF8bPON/0+sZYnWd5CbDw9kgmhy28dmKue086tbZ1G0iLQ==
    dependencies:
      "@aws-sdk/util-buffer-from" "3.55.0"
      tslib "^2.3.1"
  
  "@aws-sdk/util-waiter@3.162.0":
    version "3.162.0"
    resolved "https://registry.yarnpkg.com/@aws-sdk/util-waiter/-/util-waiter-3.162.0.tgz#369499ec934a47aa8f0340876a9228e6d8989736"
    integrity sha512-RDMimLdgffkBiFjXyGO0DYjUhDisBHx5OZIaj57bCWRqvMj4lSz5+eS3fpVEZaRDFo/P3i/86lvjPEqXStTlZA==
    dependencies:
      "@aws-sdk/abort-controller" "3.162.0"
      "@aws-sdk/types" "3.162.0"
      tslib "^2.3.1"
  
  "@aws-sdk/xml-builder@3.142.0":
    version "3.142.0"
    resolved "https://registry.yarnpkg.com/@aws-sdk/xml-builder/-/xml-builder-3.142.0.tgz#55d03f1a1d1b3b02f07e26ec05d6855151f94c4e"
    integrity sha512-e8rFjm5y9ngFc/cPwWMNn/CmMMrLx98CajWew9q7OzP6OOXQJ0H6TaRps2uQPM5XUv3/Ab5YQCV3NiaLJLqqNg==
    dependencies:
      tslib "^2.3.1"
  
  "@colors/colors@1.5.0":
    version "1.5.0"
    resolved "https://registry.yarnpkg.com/@colors/colors/-/colors-1.5.0.tgz#bb504579c1cae923e6576a4f5da43d25f97bdbd9"
    integrity sha512-ooWCrlZP11i8GImSjTHYHLkvFDP48nS4+204nGb1RiX/WXYHmJA2III9/e2DWVabCESdW7hBAEzHRqUn9OUVvQ==
  
  "@dabh/diagnostics@^2.0.2":
    version "2.0.3"
    resolved "https://registry.yarnpkg.com/@dabh/diagnostics/-/diagnostics-2.0.3.tgz#7f7e97ee9a725dffc7808d93668cc984e1dc477a"
    integrity sha512-hrlQOIi7hAfzsMqlGSFyVucrx38O+j6wiGOf//H2ecvIEqYN4ADBSS2iLMh5UFyDunCNniUIPk/q3riFv45xRA==
    dependencies:
      colorspace "1.1.x"
      enabled "2.0.x"
      kuler "^2.0.0"
  
  "@ytdl/ytdl@^1.4.16":
    version "1.4.16"
    resolved "https://registry.yarnpkg.com/@ytdl/ytdl/-/ytdl-1.4.16.tgz#87acfdc3c60ccec6e1cf2d3e499c4d3fcb403866"
    integrity sha512-9lQNfzzxqS+qzHMcLjfw2EP6iHZT8+kR6choJS5fQ7BjKbv39rd4/Gr4C/tcf4tHvz2S37MmpcPfFXn3U1io0A==
    dependencies:
      axios "^0.19.2"
      cli-progress "^3.8.2"
      commander "^5.0.0"
      ffbinaries "^1.1.4"
      fluent-ffmpeg "^2.1.2"
      npm-path "^2.0.4"
      winston "^3.2.1"
    optionalDependencies:
      speaker "^0.5.1"
  
  ajv@^6.12.3:
    version "6.12.6"
    resolved "https://registry.yarnpkg.com/ajv/-/ajv-6.12.6.tgz#baf5a62e802b07d977034586f8c3baf5adf26df4"
    integrity sha512-j3fVLgvTo527anyYyJOGTYJbG+vnnQYvE0m5mmkc1TK+nxAppkCLMIL0aZ4dblVCNoGShhm+kzE4ZUykBoMg4g==
    dependencies:
      fast-deep-equal "^3.1.1"
      fast-json-stable-stringify "^2.0.0"
      json-schema-traverse "^0.4.1"
      uri-js "^4.2.2"
  
  ansi-regex@^5.0.1:
    version "5.0.1"
    resolved "https://registry.yarnpkg.com/ansi-regex/-/ansi-regex-5.0.1.tgz#082cb2c89c9fe8659a311a53bd6a4dc5301db304"
    integrity sha512-quJQXlTSUGL2LH9SUXo8VwsY4soanhgo6LNSm84E1LBcE8s3O0wpdiRzyR9z/ZZJMlMWv37qOOb9pdJlMUEKFQ==
  
  ansi-styles@^4.1.0:
    version "4.3.0"
    resolved "https://registry.yarnpkg.com/ansi-styles/-/ansi-styles-4.3.0.tgz#edd803628ae71c04c85ae7a0906edad34b648937"
    integrity sha512-zbB9rCJAT1rbjiVDb2hqKFHNYLxgtk8NURxZ3IZwD3F6NtxbXZQCnnSi1Lkx+IDohdPlFp222wVALIheZJQSEg==
    dependencies:
      color-convert "^2.0.1"
  
  arrify@^2.0.1:
    version "2.0.1"
    resolved "https://registry.yarnpkg.com/arrify/-/arrify-2.0.1.tgz#c9655e9331e0abcd588d2a7cad7e9956f66701fa"
    integrity sha512-3duEwti880xqi4eAMN8AyR4a0ByT90zoYdLlevfrvU43vb0YZwZVfxOgxWrLXXXpyugL0hNZc9G6BiB5B3nUug==
  
  asn1@~0.2.3:
    version "0.2.6"
    resolved "https://registry.yarnpkg.com/asn1/-/asn1-0.2.6.tgz#0d3a7bb6e64e02a90c0303b31f292868ea09a08d"
    integrity sha512-ix/FxPn0MDjeyJ7i/yoHGFt/EX6LyNbxSEhPPXODPL+KB0VPk86UYfL0lMdy+KCnv+fmvIzySwaK5COwqVbWTQ==
    dependencies:
      safer-buffer "~2.1.0"
  
  assert-plus@1.0.0, assert-plus@^1.0.0:
    version "1.0.0"
    resolved "https://registry.yarnpkg.com/assert-plus/-/assert-plus-1.0.0.tgz#f12e0f3c5d77b0b1cdd9146942e4e96c1e4dd525"
    integrity sha512-NfJ4UzBCcQGLDlQq7nHxH+tv3kyZ0hHQqF5BO6J7tNJeP5do1llPr8dZ8zHonfhAu0PHAdMkSo+8o0wxg9lZWw==
  
  async@>=0.2.9, async@^3.1.0, async@^3.2.3:
    version "3.2.3"
    resolved "https://registry.yarnpkg.com/async/-/async-3.2.3.tgz#ac53dafd3f4720ee9e8a160628f18ea91df196c9"
    integrity sha512-spZRyzKL5l5BZQrr/6m/SqFdBN0q3OCI0f9rjfBzCMBIP4p75P620rR3gTmaksNOhmzgdxcaxdNfMy6anrbM0g==
  
  asynckit@^0.4.0:
    version "0.4.0"
    resolved "https://registry.yarnpkg.com/asynckit/-/asynckit-0.4.0.tgz#c79ed97f7f34cb8f2ba1bc9790bcc366474b4b79"
    integrity sha512-Oei9OH4tRh0YqU3GxhX79dM/mwVgvbZJaSNaRk+bshkj0S5cfHcgYakreBjrHwatXKbz+IoIdYLxrKim2MjW0Q==
  
  aws-sign2@~0.7.0:
    version "0.7.0"
    resolved "https://registry.yarnpkg.com/aws-sign2/-/aws-sign2-0.7.0.tgz#b46e890934a9591f2d2f6f86d7e6a9f1b3fe76a8"
    integrity sha512-08kcGqnYf/YmjoRhfxyu+CLxBjUtHLXLXX/vUfx9l2LYzG3c1m61nrpyFUZI6zeS+Li/wWMMidD9KgrqtGq3mA==
  
  aws4@^1.8.0:
    version "1.11.0"
    resolved "https://registry.yarnpkg.com/aws4/-/aws4-1.11.0.tgz#d61f46d83b2519250e2784daf5b09479a8b41c59"
    integrity sha512-xh1Rl34h6Fi1DC2WWKfxUTVqRsNnr6LsKz2+hfwDxQJWmrx8+c7ylaqBMcHfl1U1r2dsifOvKX3LQuLNZ+XSvA==
  
  axios@^0.19.2:
    version "0.19.2"
    resolved "https://registry.yarnpkg.com/axios/-/axios-0.19.2.tgz#3ea36c5d8818d0d5f8a8a97a6d36b86cdc00cb27"
    integrity sha512-fjgm5MvRHLhx+osE2xoekY70AhARk3a6hkN+3Io1jc00jtquGvxYlKlsFUhmUET0V5te6CcZI7lcv2Ym61mjHA==
    dependencies:
      follow-redirects "1.5.10"
  
  bcrypt-pbkdf@^1.0.0:
    version "1.0.2"
    resolved "https://registry.yarnpkg.com/bcrypt-pbkdf/-/bcrypt-pbkdf-1.0.2.tgz#a4301d389b6a43f9b67ff3ca11a3f6637e360e9e"
    integrity sha512-qeFIXtP4MSoi6NLqO12WfqARWWuCKi2Rn/9hJLEmtB5yTNr9DqFWkJRCf2qShWzPeAMRnOgCrq0sg/KLv5ES9w==
    dependencies:
      tweetnacl "^0.14.3"
  
  bindings@^1.3.0:
    version "1.5.0"
    resolved "https://registry.yarnpkg.com/bindings/-/bindings-1.5.0.tgz#10353c9e945334bc0511a6d90b38fbc7c9c504df"
    integrity sha512-p2q/t/mhvuOj/UeLlV6566GD/guowlr0hHxClI0W9m7MWYkL1F0hLo+0Aexs9HSPCtR1SXQ0TD3MMKrXZajbiQ==
    dependencies:
      file-uri-to-path "1.0.0"
  
  bowser@^2.11.0:
    version "2.11.0"
    resolved "https://registry.yarnpkg.com/bowser/-/bowser-2.11.0.tgz#5ca3c35757a7aa5771500c70a73a9f91ef420a8f"
    integrity sha512-AlcaJBi/pqqJBIQ8U9Mcpc9i8Aqxn88Skv5d+xBX006BY5u8N3mGLHa5Lgppa7L/HfwgwLgZ6NYs+Ag6uUmJRA==
  
  buffer-alloc-unsafe@^1.1.0:
    version "1.1.0"
    resolved "https://registry.yarnpkg.com/buffer-alloc-unsafe/-/buffer-alloc-unsafe-1.1.0.tgz#bd7dc26ae2972d0eda253be061dba992349c19f0"
    integrity sha512-TEM2iMIEQdJ2yjPJoSIsldnleVaAk1oW3DBVUykyOLsEsFmEc9kn+SFFPz+gl54KQNxlDnAwCXosOS9Okx2xAg==
  
  buffer-alloc@^1.1.0:
    version "1.2.0"
    resolved "https://registry.yarnpkg.com/buffer-alloc/-/buffer-alloc-1.2.0.tgz#890dd90d923a873e08e10e5fd51a57e5b7cce0ec"
    integrity sha512-CFsHQgjtW1UChdXgbyJGtnm+O/uLQeZdtbDo8mfUgYXCHSM1wgrVxXm6bSyrUuErEb+4sYVGCzASBRot7zyrow==
    dependencies:
      buffer-alloc-unsafe "^1.1.0"
      buffer-fill "^1.0.0"
  
  buffer-crc32@~0.2.3:
    version "0.2.13"
    resolved "https://registry.yarnpkg.com/buffer-crc32/-/buffer-crc32-0.2.13.tgz#0d333e3f00eac50aa1454abd30ef8c2a5d9a7242"
    integrity sha512-VO9Ht/+p3SN7SKWqcrgEzjGbRSJYTx+Q1pTQC0wrWqHx0vpJraQ6GtHx8tvcg1rlK1byhU5gccxgOgj7B0TDkQ==
  
  buffer-fill@^1.0.0:
    version "1.0.0"
    resolved "https://registry.yarnpkg.com/buffer-fill/-/buffer-fill-1.0.0.tgz#f8f78b76789888ef39f205cd637f68e702122b2c"
    integrity sha512-T7zexNBwiiaCOGDg9xNX9PBmjrubblRkENuptryuI64URkXDFum9il/JGL8Lm8wYfAXpredVXXZz7eMHilimiQ==
  
  buffer-from@^1.0.0:
    version "1.1.2"
    resolved "https://registry.yarnpkg.com/buffer-from/-/buffer-from-1.1.2.tgz#2b146a6fd72e80b4f55d255f35ed59a3a9a41bd5"
    integrity sha512-E+XQCRwSbaaiChtv6k6Dwgc+bx+Bs6vuKJHHl5kox/BaKbhiXzqQOwK4cO22yElGp2OCmjwVhT3HmxgyPGnJfQ==
  
  caseless@~0.12.0:
    version "0.12.0"
    resolved "https://registry.yarnpkg.com/caseless/-/caseless-0.12.0.tgz#1b681c21ff84033c826543090689420d187151dc"
    integrity sha512-4tYFyifaFfGacoiObjJegolkwSU4xQNGbVgUiNYVUxbQ2x2lUsFvY4hVgVzGiIe6WLOPqycWXA40l+PWsxthUw==
  
  chalk@4:
    version "4.1.2"
    resolved "https://registry.yarnpkg.com/chalk/-/chalk-4.1.2.tgz#aac4e2b7734a740867aeb16bf02aad556a1e7a01"
    integrity sha512-oKnbhFyRIXpUuez8iBMmyEa4nbj4IOQyuhc/wy9kY7/WVPcwIO9VA668Pu8RkO7+0G76SLROeyw9CpQ061i4mA==
    dependencies:
      ansi-styles "^4.1.0"
      supports-color "^7.1.0"
  
  clarg@0.0.4:
    version "0.0.4"
    resolved "https://registry.yarnpkg.com/clarg/-/clarg-0.0.4.tgz#708ffb5ec352226a6dc5871c374daca8c871ff6d"
    integrity sha512-SZ3fE0m3MpngjwCyuHNIPgNZ+2EOCEzHtDRP/Y+zlRdP1mQntNKeTjRdtYouxaqV9Lx/BVbrZXIXgOnRwyosDg==
  
  cli-progress@^3.8.2:
    version "3.11.1"
    resolved "https://registry.yarnpkg.com/cli-progress/-/cli-progress-3.11.1.tgz#02afb11be9a123f2a302931beb087eafe3a0d971"
    integrity sha512-TTMA2LHrYaZeNMcgZGO10oYqj9hvd03pltNtVbu4ddeyDTHlYV7gWxsFiuvaQlgwMBFCv1TukcjiODWFlb16tQ==
    dependencies:
      string-width "^4.2.3"
  
  color-convert@^1.9.3:
    version "1.9.3"
    resolved "https://registry.yarnpkg.com/color-convert/-/color-convert-1.9.3.tgz#bb71850690e1f136567de629d2d5471deda4c1e8"
    integrity sha512-QfAUtd+vFdAtFQcC8CCyYt1fYWxSqAiK2cSD6zDB8N3cpsEBAvRxp9zOGg6G/SHHJYAT88/az/IuDGALsNVbGg==
    dependencies:
      color-name "1.1.3"
  
  color-convert@^2.0.1:
    version "2.0.1"
    resolved "https://registry.yarnpkg.com/color-convert/-/color-convert-2.0.1.tgz#72d3a68d598c9bdb3af2ad1e84f21d896abd4de3"
    integrity sha512-RRECPsj7iu/xb5oKYcsFHSppFNnsj/52OVTRKb4zP5onXwVF3zVmmToNcOfGC+CRDpfK/U584fMg38ZHCaElKQ==
    dependencies:
      color-name "~1.1.4"
  
  color-name@1.1.3:
    version "1.1.3"
    resolved "https://registry.yarnpkg.com/color-name/-/color-name-1.1.3.tgz#a7d0558bd89c42f795dd42328f740831ca53bc25"
    integrity sha512-72fSenhMw2HZMTVHeCA9KCmpEIbzWiQsjN+BHcBbS9vr1mtt+vJjPdksIBNUmKAW8TFUDPJK5SUU3QhE9NEXDw==
  
  color-name@^1.0.0, color-name@~1.1.4:
    version "1.1.4"
    resolved "https://registry.yarnpkg.com/color-name/-/color-name-1.1.4.tgz#c2a09a87acbde69543de6f63fa3995c826c536a2"
    integrity sha512-dOy+3AuW3a2wNbZHIuMZpTcgjGuLU/uBL/ubcZF9OXbDo8ff4O8yVp5Bf0efS8uEoYo5q4Fx7dY9OgQGXgAsQA==
  
  color-string@^1.6.0:
    version "1.9.1"
    resolved "https://registry.yarnpkg.com/color-string/-/color-string-1.9.1.tgz#4467f9146f036f855b764dfb5bf8582bf342c7a4"
    integrity sha512-shrVawQFojnZv6xM40anx4CkoDP+fZsw/ZerEMsW/pyzsRbElpsL/DBVW7q3ExxwusdNXI3lXpuhEZkzs8p5Eg==
    dependencies:
      color-name "^1.0.0"
      simple-swizzle "^0.2.2"
  
  color@^3.1.3:
    version "3.2.1"
    resolved "https://registry.yarnpkg.com/color/-/color-3.2.1.tgz#3544dc198caf4490c3ecc9a790b54fe9ff45e164"
    integrity sha512-aBl7dZI9ENN6fUGC7mWpMTPNHmWUSNan9tuWN6ahh5ZLNk9baLJOnSMlrQkHcrfFgz2/RigjUVAjdx36VcemKA==
    dependencies:
      color-convert "^1.9.3"
      color-string "^1.6.0"
  
  colorspace@1.1.x:
    version "1.1.4"
    resolved "https://registry.yarnpkg.com/colorspace/-/colorspace-1.1.4.tgz#8d442d1186152f60453bf8070cd66eb364e59243"
    integrity sha512-BgvKJiuVu1igBUF2kEjRCZXol6wiiGbY5ipL/oVPwm0BL9sIpMIzM8IK7vwuxIIzOXMV3Ey5w+vxhm0rR/TN8w==
    dependencies:
      color "^3.1.3"
      text-hex "1.0.x"
  
  combined-stream@^1.0.6, combined-stream@~1.0.6:
    version "1.0.8"
    resolved "https://registry.yarnpkg.com/combined-stream/-/combined-stream-1.0.8.tgz#c3d45a8b34fd730631a110a8a2520682b31d5a7f"
    integrity sha512-FQN4MRfuJeHf7cBbBMJFXhKSDq+2kAArBlmRBvcvFE5BB1HZKXtSFASDhdlz9zOYwxh8lDdnvmMOe/+5cdoEdg==
    dependencies:
      delayed-stream "~1.0.0"
  
  commander@^5.0.0:
    version "5.1.0"
    resolved "https://registry.yarnpkg.com/commander/-/commander-5.1.0.tgz#46abbd1652f8e059bddaef99bbdcb2ad9cf179ae"
    integrity sha512-P0CysNDQ7rtVw4QIQtm+MRxV66vKFSvlsQvGYXZWR3qFU0jlMKHZZZgw8e+8DSah4UDKMqnknRDQz+xuQXQ/Zg==
  
  concat-stream@^1.6.2:
    version "1.6.2"
    resolved "https://registry.yarnpkg.com/concat-stream/-/concat-stream-1.6.2.tgz#904bdf194cd3122fc675c77fc4ac3d4ff0fd1a34"
    integrity sha512-27HBghJxjiZtIk3Ycvn/4kbJk/1uZuJFfuPEns6LaEvpvG1f0hTea8lilrouyo9mVc2GWdcEZ8OLoGmSADlrCw==
    dependencies:
      buffer-from "^1.0.0"
      inherits "^2.0.3"
      readable-stream "^2.2.2"
      typedarray "^0.0.6"
  
  core-util-is@1.0.2:
    version "1.0.2"
    resolved "https://registry.yarnpkg.com/core-util-is/-/core-util-is-1.0.2.tgz#b5fd54220aa2bc5ab57aab7140c940754503c1a7"
    integrity sha1-tf1UIgqivFq1eqtxQMlAdUUDwac=
  
  core-util-is@~1.0.0:
    version "1.0.3"
    resolved "https://registry.yarnpkg.com/core-util-is/-/core-util-is-1.0.3.tgz#a6042d3634c2b27e9328f837b965fac83808db85"
    integrity sha512-ZQBvi1DcpJ4GDqanjucZ2Hj3wEO5pZDS89BWbkcrvdxksJorwUDDZamX9ldFkp9aw2lmBDLgkObEA4DWNJ9FYQ==
  
  cross-spawn@^7.0.0:
    version "7.0.3"
    resolved "https://registry.yarnpkg.com/cross-spawn/-/cross-spawn-7.0.3.tgz#f73a85b9d5d41d045551c177e2882d4ac85728a6"
    integrity sha512-iRDPJKUPVEND7dHPO8rkbOnPpyDygcDFtWjpeWNCgy8WP2rXcxXL8TskReQl6OrB2G7+UJrags1q15Fudc7G6w==
    dependencies:
      path-key "^3.1.0"
      shebang-command "^2.0.0"
      which "^2.0.1"
  
  csv-parser@^2.3.2:
    version "2.3.5"
    resolved "https://registry.yarnpkg.com/csv-parser/-/csv-parser-2.3.5.tgz#6b3bf0907684914ff2c5abfbadab111a69eae5db"
    integrity sha512-LCHolC4AlNwL+5EuD5LH2VVNKpD8QixZW2zzK1XmrVYUaslFY4c5BooERHOCIubG9iv/DAyFjs4x0HvWNZuyWg==
    dependencies:
      minimist "^1.2.0"
      through2 "^3.0.1"
  
  dashdash@^1.12.0:
    version "1.14.1"
    resolved "https://registry.yarnpkg.com/dashdash/-/dashdash-1.14.1.tgz#853cfa0f7cbe2fed5de20326b8dd581035f6e2f0"
    integrity sha1-hTz6D3y+L+1d4gMmuN1YEDX24vA=
    dependencies:
      assert-plus "^1.0.0"
  
  date-fns@^2.28.0:
    version "2.28.0"
    resolved "https://registry.yarnpkg.com/date-fns/-/date-fns-2.28.0.tgz#9570d656f5fc13143e50c975a3b6bbeb46cd08b2"
    integrity sha512-8d35hViGYx/QH0icHYCeLmsLmMUheMmTyV9Fcm6gvNwdw31yXXH+O85sOBJ+OLnLQMKZowvpKb6FgMIQjcpvQw==
  
  debug@=3.1.0:
    version "3.1.0"
    resolved "https://registry.yarnpkg.com/debug/-/debug-3.1.0.tgz#5bb5a0672628b64149566ba16819e61518c67261"
    integrity sha512-OX8XqP7/1a9cqkxYw2yXss15f26NKWBpDXQd0/uK/KPqdQhxbPa994hnzjcE2VqQpDslf55723cKPUOGSmMY3g==
    dependencies:
      ms "2.0.0"
  
  debug@^2.6.9:
    version "2.6.9"
    resolved "https://registry.yarnpkg.com/debug/-/debug-2.6.9.tgz#5d128515df134ff327e90a4c93f4e077a536341f"
    integrity sha512-bC7ElrdJaJnPbAP+1EotYvqZsb3ecl5wi6Bfi6BJTUcNowp6cvspg0jXznRTKDjm/E7AdgFBVeAPVMNcKGsHMA==
    dependencies:
      ms "2.0.0"
  
  debug@^4.0.0:
    version "4.3.4"
    resolved "https://registry.yarnpkg.com/debug/-/debug-4.3.4.tgz#1319f6579357f2338d3337d2cdd4914bb5dcc865"
    integrity sha512-PRWFHuSU3eDtQJPvnNY7Jcket1j0t5OuOsFzPPzsekD52Zl8qUfFIPEiswXqIvHWGVHOgX+7G/vCNNhehwxfkQ==
    dependencies:
      ms "2.1.2"
  
  delayed-stream@~1.0.0:
    version "1.0.0"
    resolved "https://registry.yarnpkg.com/delayed-stream/-/delayed-stream-1.0.0.tgz#df3ae199acadfb7d440aaae0b29e2272b24ec619"
    integrity sha1-3zrhmayt+31ECqrgsp4icrJOxhk=
  
  dotenv@^16.0.1:
    version "16.0.1"
    resolved "https://registry.yarnpkg.com/dotenv/-/dotenv-16.0.1.tgz#8f8f9d94876c35dac989876a5d3a82a267fdce1d"
    integrity sha512-1K6hR6wtk2FviQ4kEiSjFiH5rpzEVi8WW0x96aztHVMhEspNpc4DVOUTEHtEva5VThQ8IaBX1Pe4gSzpVVUsKQ==
  
  ecc-jsbn@~0.1.1:
    version "0.1.2"
    resolved "https://registry.yarnpkg.com/ecc-jsbn/-/ecc-jsbn-0.1.2.tgz#3a83a904e54353287874c564b7549386849a98c9"
    integrity sha1-OoOpBOVDUyh4dMVkt1SThoSamMk=
    dependencies:
      jsbn "~0.1.0"
      safer-buffer "^2.1.0"
  
  emoji-regex@^8.0.0:
    version "8.0.0"
    resolved "https://registry.yarnpkg.com/emoji-regex/-/emoji-regex-8.0.0.tgz#e818fd69ce5ccfcb404594f842963bf53164cc37"
    integrity sha512-MSjYzcWNOA0ewAHpz0MxpYFvwg6yjy1NG3xteoqz644VCo/RPgnr1/GGt+ic3iJTzQ8Eu3TdM14SawnVUmGE6A==
  
  enabled@2.0.x:
    version "2.0.0"
    resolved "https://registry.yarnpkg.com/enabled/-/enabled-2.0.0.tgz#f9dd92ec2d6f4bbc0d5d1e64e21d61cd4665e7c2"
    integrity sha512-AKrN98kuwOzMIdAizXGI86UFBoo26CL21UM763y1h/GMSJ4/OHU9k2YlsmBpyScFo/wbLzWQJBMCW4+IO3/+OQ==
  
  end-of-stream@^1.1.0:
    version "1.4.4"
    resolved "https://registry.yarnpkg.com/end-of-stream/-/end-of-stream-1.4.4.tgz#5ae64a5f45057baf3626ec14da0ca5e4b2431eb0"
    integrity sha512-+uw1inIHVPQoaVuHzRyXd21icM+cnt4CzD5rW+NC1wjOUSTOs+Te7FOv7AhN7vS9x/oIyhLP5PR1H+phQAHu5Q==
    dependencies:
      once "^1.4.0"
  
  entities@2.2.0:
    version "2.2.0"
    resolved "https://registry.yarnpkg.com/entities/-/entities-2.2.0.tgz#098dc90ebb83d8dffa089d55256b351d34c4da55"
    integrity sha512-p92if5Nz619I0w+akJrLZH0MX0Pb5DX39XOwQTtXSdQQOaYH03S1uIQp4mhOZtAXrxq4ViO67YTiLBo2638o9A==
  
  execa@^3.3.0:
    version "3.4.0"
    resolved "https://registry.yarnpkg.com/execa/-/execa-3.4.0.tgz#c08ed4550ef65d858fac269ffc8572446f37eb89"
    integrity sha512-r9vdGQk4bmCuK1yKQu1KTwcT2zwfWdbdaXfCtAh+5nU/4fSX+JAb7vZGvI5naJrQlvONrEB20jeruESI69530g==
    dependencies:
      cross-spawn "^7.0.0"
      get-stream "^5.0.0"
      human-signals "^1.1.1"
      is-stream "^2.0.0"
      merge-stream "^2.0.0"
      npm-run-path "^4.0.0"
      onetime "^5.1.0"
      p-finally "^2.0.0"
      signal-exit "^3.0.2"
      strip-final-newline "^2.0.0"
  
  extend@~3.0.2:
    version "3.0.2"
    resolved "https://registry.yarnpkg.com/extend/-/extend-3.0.2.tgz#f8b1136b4071fbd8eb140aff858b1019ec2915fa"
    integrity sha512-fjquC59cD7CyW6urNXK0FBufkZcoiGG80wTuPujX590cB5Ttln20E2UB4S/WARVqhXffZl2LNgS+gQdPIIim/g==
  
  extract-zip@^1.6.7:
    version "1.7.0"
    resolved "https://registry.yarnpkg.com/extract-zip/-/extract-zip-1.7.0.tgz#556cc3ae9df7f452c493a0cfb51cc30277940927"
    integrity sha512-xoh5G1W/PB0/27lXgMQyIhP5DSY/LhoCsOyZgb+6iMmRtCwVBo55uKaMoEYrDCKQhWvqEip5ZPKAc6eFNyf/MA==
    dependencies:
      concat-stream "^1.6.2"
      debug "^2.6.9"
      mkdirp "^0.5.4"
      yauzl "^2.10.0"
  
  extsprintf@1.3.0:
    version "1.3.0"
    resolved "https://registry.yarnpkg.com/extsprintf/-/extsprintf-1.3.0.tgz#96918440e3041a7a414f8c52e3c574eb3c3e1e05"
    integrity sha1-lpGEQOMEGnpBT4xS48V06zw+HgU=
  
  extsprintf@^1.2.0:
    version "1.4.1"
    resolved "https://registry.yarnpkg.com/extsprintf/-/extsprintf-1.4.1.tgz#8d172c064867f235c0c84a596806d279bf4bcc07"
    integrity sha512-Wrk35e8ydCKDj/ArClo1VrPVmN8zph5V4AtHwIuHhvMXsKf73UT3BOD+azBIW+3wOJ4FhEH7zyaJCFvChjYvMA==
  
  fast-deep-equal@^3.1.1:
    version "3.1.3"
    resolved "https://registry.yarnpkg.com/fast-deep-equal/-/fast-deep-equal-3.1.3.tgz#3a7d56b559d6cbc3eb512325244e619a65c6c525"
    integrity sha512-f3qQ9oQy9j2AhBe/H9VC91wLmKBCCU/gDOnKNAYG5hswO7BLKj09Hc5HYNz9cGI++xlpDCIgDaitVs03ATR84Q==
  
  fast-json-stable-stringify@^2.0.0:
    version "2.1.0"
    resolved "https://registry.yarnpkg.com/fast-json-stable-stringify/-/fast-json-stable-stringify-2.1.0.tgz#874bf69c6f404c2b5d99c481341399fd55892633"
    integrity sha512-lhd/wF+Lk98HZoTCtlVraHtfh5XYijIjalXck7saUtuanSDyLMxnHhSXEDJqHxD7msR8D0uCmqlkwjCV8xvwHw==
  
  fast-xml-parser@3.19.0:
    version "3.19.0"
    resolved "https://registry.yarnpkg.com/fast-xml-parser/-/fast-xml-parser-3.19.0.tgz#cb637ec3f3999f51406dd8ff0e6fc4d83e520d01"
    integrity sha512-4pXwmBplsCPv8FOY1WRakF970TjNGnGnfbOnLqjlYvMiF1SR3yOHyxMR/YCXpPTOspNF5gwudqktIP4VsWkvBg==
  
  fd-slicer@~1.1.0:
    version "1.1.0"
    resolved "https://registry.yarnpkg.com/fd-slicer/-/fd-slicer-1.1.0.tgz#25c7c89cb1f9077f8891bbe61d8f390eae256f1e"
    integrity sha1-JcfInLH5B3+IkbvmHY85Dq4lbx4=
    dependencies:
      pend "~1.2.0"
  
  fecha@^4.2.0:
    version "4.2.3"
    resolved "https://registry.yarnpkg.com/fecha/-/fecha-4.2.3.tgz#4d9ccdbc61e8629b259fdca67e65891448d569fd"
    integrity sha512-OP2IUU6HeYKJi3i0z4A19kHMQoLVs4Hc+DPqqxI2h/DPZHTm/vjsfC6P0b4jCMy14XizLBqvndQ+UilD7707Jw==
  
  ffbinaries@^1.1.4:
    version "1.1.4"
    resolved "https://registry.yarnpkg.com/ffbinaries/-/ffbinaries-1.1.4.tgz#d61bed5c38a5644e79fa1f16d807d0c82e26680d"
    integrity sha512-ZKT6Jwhq5zV04YRW8FR8sVlSWIoqV1BJbnt8NKVtbrUlrNNMbDrY2v1ZiGsJjdmAILzu1HIlj7awBHWLwyGHOA==
    dependencies:
      async "^3.1.0"
      clarg "0.0.4"
      extract-zip "^1.6.7"
      fs-extra "^8.1.0"
      lodash "^4.17.15"
      request "^2.88.0"
  
  file-uri-to-path@1.0.0:
    version "1.0.0"
    resolved "https://registry.yarnpkg.com/file-uri-to-path/-/file-uri-to-path-1.0.0.tgz#553a7b8446ff6f684359c445f1e37a05dacc33dd"
    integrity sha512-0Zt+s3L7Vf1biwWZ29aARiVYLx7iMGnEUl9x33fbB/j3jR81u/O2LbqK+Bm1CDSNDKVtJ/YjwY7TUd5SkeLQLw==
  
  flow-bin@^0.178.1:
    version "0.178.1"
    resolved "https://registry.yarnpkg.com/flow-bin/-/flow-bin-0.178.1.tgz#c0ce2f50080d00b29018c6f044b1d2edac9a9e2d"
    integrity sha512-B6vFVkAoilnRTAwhGiVCPb777cVjIW9VwbLJTTg2vRbXjLgYIZJMmU0mit7ZSsvoOucT5WBwrrC8M0wkRoeSZA==
  
  fluent-ffmpeg@^2.1.2:
    version "2.1.2"
    resolved "https://registry.yarnpkg.com/fluent-ffmpeg/-/fluent-ffmpeg-2.1.2.tgz#c952de2240f812ebda0aa8006d7776ee2acf7d74"
    integrity sha1-yVLeIkD4EuvaCqgAbXd27irPfXQ=
    dependencies:
      async ">=0.2.9"
      which "^1.1.1"
  
  fn.name@1.x.x:
    version "1.1.0"
    resolved "https://registry.yarnpkg.com/fn.name/-/fn.name-1.1.0.tgz#26cad8017967aea8731bc42961d04a3d5988accc"
    integrity sha512-GRnmB5gPyJpAhTQdSZTSp9uaPSvl09KoYcMQtsB9rQoOmzs9dH6ffeccH+Z+cv6P68Hu5bC6JjRh4Ah/mHSNRw==
  
  follow-redirects@1.5.10:
    version "1.5.10"
    resolved "https://registry.yarnpkg.com/follow-redirects/-/follow-redirects-1.5.10.tgz#7b7a9f9aea2fdff36786a94ff643ed07f4ff5e2a"
    integrity sha512-0V5l4Cizzvqt5D44aTXbFZz+FtyXV1vrDN6qrelxtfYQKW0KO0W2T/hkE8xvGa/540LkZlkaUjO4ailYTFtHVQ==
    dependencies:
      debug "=3.1.0"
  
  forever-agent@~0.6.1:
    version "0.6.1"
    resolved "https://registry.yarnpkg.com/forever-agent/-/forever-agent-0.6.1.tgz#fbc71f0c41adeb37f96c577ad1ed42d8fdacca91"
    integrity sha1-+8cfDEGt6zf5bFd60e1C2P2sypE=
  
  form-data@~2.3.2:
    version "2.3.3"
    resolved "https://registry.yarnpkg.com/form-data/-/form-data-2.3.3.tgz#dcce52c05f644f298c6a7ab936bd724ceffbf3a6"
    integrity sha512-1lLKB2Mu3aGP1Q/2eCOx0fNbRMe7XdwktwOruhfqqd0rIJWwN4Dh+E3hrPSlDCXnSR7UtZ1N38rVXm+6+MEhJQ==
    dependencies:
      asynckit "^0.4.0"
      combined-stream "^1.0.6"
      mime-types "^2.1.12"
  
  fs-extra@^10.1.0:
    version "10.1.0"
    resolved "https://registry.yarnpkg.com/fs-extra/-/fs-extra-10.1.0.tgz#02873cfbc4084dde127eaa5f9905eef2325d1abf"
    integrity sha512-oRXApq54ETRj4eMiFzGnHWGy+zo5raudjuxN0b8H7s/RU2oW0Wvsx9O0ACRN/kRq9E8Vu/ReskGB5o3ji+FzHQ==
    dependencies:
      graceful-fs "^4.2.0"
      jsonfile "^6.0.1"
      universalify "^2.0.0"
  
  fs-extra@^8.1.0:
    version "8.1.0"
    resolved "https://registry.yarnpkg.com/fs-extra/-/fs-extra-8.1.0.tgz#49d43c45a88cd9677668cb7be1b46efdb8d2e1c0"
    integrity sha512-yhlQgA6mnOJUKOsRUFsgJdQCvkKhcz8tlZG5HBQfReYZy46OwLcY+Zia0mtdHsOo9y/hP+CxMN0TU9QxoOtG4g==
    dependencies:
      graceful-fs "^4.2.0"
      jsonfile "^4.0.0"
      universalify "^0.1.0"
  
  get-stream@^5.0.0, get-stream@^5.1.0:
    version "5.2.0"
    resolved "https://registry.yarnpkg.com/get-stream/-/get-stream-5.2.0.tgz#4966a1795ee5ace65e706c4b7beb71257d6e22d3"
    integrity sha512-nBF+F1rAZVCu/p7rjzgA+Yb4lfYXrpl7a6VmJrU8wF9I1CKvP/QwPNZHnOlwbTkY6dvtFIzFMSyQXbLoTQPRpA==
    dependencies:
      pump "^3.0.0"
  
  getpass@^0.1.1:
    version "0.1.7"
    resolved "https://registry.yarnpkg.com/getpass/-/getpass-0.1.7.tgz#5eff8e3e684d569ae4cb2b1282604e8ba62149fa"
    integrity sha1-Xv+OPmhNVprkyysSgmBOi6YhSfo=
    dependencies:
      assert-plus "^1.0.0"
  
  graceful-fs@^4.1.6, graceful-fs@^4.2.0:
    version "4.2.10"
    resolved "https://registry.yarnpkg.com/graceful-fs/-/graceful-fs-4.2.10.tgz#147d3a006da4ca3ce14728c7aefc287c367d7a6c"
    integrity sha512-9ByhssR2fPVsNZj478qUUbKfmL0+t5BDVyjShtyZZLiK7ZDAArFFfopyOTj0M05wE2tJPisA4iTnnXl2YoPvOA==
  
  har-schema@^2.0.0:
    version "2.0.0"
    resolved "https://registry.yarnpkg.com/har-schema/-/har-schema-2.0.0.tgz#a94c2224ebcac04782a0d9035521f24735b7ec92"
    integrity sha1-qUwiJOvKwEeCoNkDVSHyRzW37JI=
  
  har-validator@~5.1.3:
    version "5.1.5"
    resolved "https://registry.yarnpkg.com/har-validator/-/har-validator-5.1.5.tgz#1f0803b9f8cb20c0fa13822df1ecddb36bde1efd"
    integrity sha512-nmT2T0lljbxdQZfspsno9hgrG3Uir6Ks5afism62poxqBM6sDnMEuPmzTq8XN0OEwqKLLdh1jQI3qyE66Nzb3w==
    dependencies:
      ajv "^6.12.3"
      har-schema "^2.0.0"
  
  has-flag@^4.0.0:
    version "4.0.0"
    resolved "https://registry.yarnpkg.com/has-flag/-/has-flag-4.0.0.tgz#944771fd9c81c81265c4d6941860da06bb59479b"
    integrity sha512-EykJT/Q1KjTWctppgIAgfSO0tKVuZUjhgMr17kqTumMl6Afv3EISleU7qZUzoXDFTAHTDC4NOoG/ZxU3EvlMPQ==
  
  http-signature@~1.2.0:
    version "1.2.0"
    resolved "https://registry.yarnpkg.com/http-signature/-/http-signature-1.2.0.tgz#9aecd925114772f3d95b65a60abb8f7c18fbace1"
    integrity sha1-muzZJRFHcvPZW2WmCruPfBj7rOE=
    dependencies:
      assert-plus "^1.0.0"
      jsprim "^1.2.2"
      sshpk "^1.7.0"
  
  human-signals@^1.1.1:
    version "1.1.1"
    resolved "https://registry.yarnpkg.com/human-signals/-/human-signals-1.1.1.tgz#c5b1cd14f50aeae09ab6c59fe63ba3395fe4dfa3"
    integrity sha512-SEQu7vl8KjNL2eoGBLF3+wAjpsNfA9XMlXAYj/3EdaNfAlxKthD1xjEQfGOUhllCGGJVNY34bRr6lPINhNjyZw==
  
  inherits@^2.0.3, inherits@^2.0.4, inherits@~2.0.3:
    version "2.0.4"
    resolved "https://registry.yarnpkg.com/inherits/-/inherits-2.0.4.tgz#0fa2c64f932917c3433a0ded55363aae37416b7c"
    integrity sha512-k/vGaX4/Yla3WzyMCvTQOXYeIHvqOKtnqBduzTHpzpQZzAskKMhZ2K+EnBiSM9zGSoIFeMpXKxa4dYeZIQqewQ==
  
  is-arrayish@^0.3.1:
    version "0.3.2"
    resolved "https://registry.yarnpkg.com/is-arrayish/-/is-arrayish-0.3.2.tgz#4574a2ae56f7ab206896fb431eaeed066fdf8f03"
    integrity sha512-eVRqCvVlZbuw3GrM63ovNSNAeA1K16kaR/LRY/92w0zxQ5/1YzwblUX652i4Xs9RwAGjW9d9y6X88t8OaAJfWQ==
  
  is-fullwidth-code-point@^3.0.0:
    version "3.0.0"
    resolved "https://registry.yarnpkg.com/is-fullwidth-code-point/-/is-fullwidth-code-point-3.0.0.tgz#f116f8064fe90b3f7844a38997c0b75051269f1d"
    integrity sha512-zymm5+u+sCsSWyD9qNaejV3DFvhCKclKdizYaJUuHA83RLjb7nSuGnddCHGv0hk+KY7BMAlsWeK4Ueg6EV6XQg==
  
  is-stream@^2.0.0:
    version "2.0.1"
    resolved "https://registry.yarnpkg.com/is-stream/-/is-stream-2.0.1.tgz#fac1e3d53b97ad5a9d0ae9cef2389f5810a5c077"
    integrity sha512-hFoiJiTl63nn+kstHGBtewWSKnQLpyb155KHheA1l39uvtO9nWIop1p3udqPcUd/xbF1VLMO4n7OI6p7RbngDg==
  
  is-typedarray@~1.0.0:
    version "1.0.0"
    resolved "https://registry.yarnpkg.com/is-typedarray/-/is-typedarray-1.0.0.tgz#e479c80858df0c1b11ddda6940f96011fcda4a9a"
    integrity sha1-5HnICFjfDBsR3dppQPlgEfzaSpo=
  
  isarray@~1.0.0:
    version "1.0.0"
    resolved "https://registry.yarnpkg.com/isarray/-/isarray-1.0.0.tgz#bb935d48582cba168c06834957a54a3e07124f11"
    integrity sha1-u5NdSFgsuhaMBoNJV6VKPgcSTxE=
  
  isexe@^2.0.0:
    version "2.0.0"
    resolved "https://registry.yarnpkg.com/isexe/-/isexe-2.0.0.tgz#e8fbf374dc556ff8947a10dcb0572d633f2cfa10"
    integrity sha1-6PvzdNxVb/iUehDcsFctYz8s+hA=
  
  isstream@~0.1.2:
    version "0.1.2"
    resolved "https://registry.yarnpkg.com/isstream/-/isstream-0.1.2.tgz#47e63f7af55afa6f92e1500e690eb8b8529c099a"
    integrity sha1-R+Y/evVa+m+S4VAOaQ64uFKcCZo=
  
  jsbn@~0.1.0:
    version "0.1.1"
    resolved "https://registry.yarnpkg.com/jsbn/-/jsbn-0.1.1.tgz#a5e654c2e5a2deb5f201d96cefbca80c0ef2f513"
    integrity sha1-peZUwuWi3rXyAdls77yoDA7y9RM=
  
  json-schema-traverse@^0.4.1:
    version "0.4.1"
    resolved "https://registry.yarnpkg.com/json-schema-traverse/-/json-schema-traverse-0.4.1.tgz#69f6a87d9513ab8bb8fe63bdb0979c448e684660"
    integrity sha512-xbbCH5dCYU5T8LcEhhuh7HJ88HXuW3qsI3Y0zOZFKfZEHcpWiHU/Jxzk629Brsab/mMiHQti9wMP+845RPe3Vg==
  
  json-schema@0.4.0:
    version "0.4.0"
    resolved "https://registry.yarnpkg.com/json-schema/-/json-schema-0.4.0.tgz#f7de4cf6efab838ebaeb3236474cbba5a1930ab5"
    integrity sha512-es94M3nTIfsEPisRafak+HDLfHXnKBhV3vU5eqPcS3flIWqcxJWgXHXiey3YrpaNsanY5ei1VoYEbOzijuq9BA==
  
  json-stringify-safe@~5.0.1:
    version "5.0.1"
    resolved "https://registry.yarnpkg.com/json-stringify-safe/-/json-stringify-safe-5.0.1.tgz#1296a2d58fd45f19a0f6ce01d65701e2c735b6eb"
    integrity sha1-Epai1Y/UXxmg9s4B1lcB4sc1tus=
  
  jsonfile@^4.0.0:
    version "4.0.0"
    resolved "https://registry.yarnpkg.com/jsonfile/-/jsonfile-4.0.0.tgz#8771aae0799b64076b76640fca058f9c10e33ecb"
    integrity sha1-h3Gq4HmbZAdrdmQPygWPnBDjPss=
    optionalDependencies:
      graceful-fs "^4.1.6"
  
  jsonfile@^6.0.1:
    version "6.1.0"
    resolved "https://registry.yarnpkg.com/jsonfile/-/jsonfile-6.1.0.tgz#bc55b2634793c679ec6403094eb13698a6ec0aae"
    integrity sha512-5dgndWOriYSm5cnYaJNhalLNDKOqFwyDB/rr1E9ZsGciGvKPs8R2xYGCacuf3z6K1YKDz182fd+fY3cn3pMqXQ==
    dependencies:
      universalify "^2.0.0"
    optionalDependencies:
      graceful-fs "^4.1.6"
  
  jsprim@^1.2.2:
    version "1.4.2"
    resolved "https://registry.yarnpkg.com/jsprim/-/jsprim-1.4.2.tgz#712c65533a15c878ba59e9ed5f0e26d5b77c5feb"
    integrity sha512-P2bSOMAc/ciLz6DzgjVlGJP9+BrJWu5UDGK70C2iweC5QBIeFf0ZXRvGjEj2uYgrY2MkAAhsSWHDWlFtEroZWw==
    dependencies:
      assert-plus "1.0.0"
      extsprintf "1.3.0"
      json-schema "0.4.0"
      verror "1.10.0"
  
  kuler@^2.0.0:
    version "2.0.0"
    resolved "https://registry.yarnpkg.com/kuler/-/kuler-2.0.0.tgz#e2c570a3800388fb44407e851531c1d670b061b3"
    integrity sha512-Xq9nH7KlWZmXAtodXDDRE7vs6DU1gTU8zYDHDiWLSip45Egwq3plLHzPn27NgvzL2r1LMPC1vdqh98sQxtqj4A==
  
  lodash@^4.17.15:
    version "4.17.21"
    resolved "https://registry.yarnpkg.com/lodash/-/lodash-4.17.21.tgz#679591c564c3bffaae8454cf0b3df370c3d6911c"
    integrity sha512-v2kDEe57lecTulaDIuNTPy3Ry4gLGJ6Z1O3vE1krgXZNrsQ+LFTGHVxVjcXPs17LhbZVGedAJv8XZ1tvj5FvSg==
  
  logform@^2.3.2, logform@^2.4.0:
    version "2.4.0"
    resolved "https://registry.yarnpkg.com/logform/-/logform-2.4.0.tgz#131651715a17d50f09c2a2c1a524ff1a4164bcfe"
    integrity sha512-CPSJw4ftjf517EhXZGGvTHHkYobo7ZCc0kvwUoOYcjfR2UVrI66RHj8MCrfAdEitdmFqbu2BYdYs8FHHZSb6iw==
    dependencies:
      "@colors/colors" "1.5.0"
      fecha "^4.2.0"
      ms "^2.1.1"
      safe-stable-stringify "^2.3.1"
      triple-beam "^1.3.0"
  
  merge-stream@^2.0.0:
    version "2.0.0"
    resolved "https://registry.yarnpkg.com/merge-stream/-/merge-stream-2.0.0.tgz#52823629a14dd00c9770fb6ad47dc6310f2c1f60"
    integrity sha512-abv/qOcuPfk3URPfDzmZU1LKmuw8kT+0nIHvKrKgFrwifol/doWcdA4ZqsWQ8ENrFKkd67Mfpo/LovbIUsbt3w==
  
  mime-db@1.52.0:
    version "1.52.0"
    resolved "https://registry.yarnpkg.com/mime-db/-/mime-db-1.52.0.tgz#bbabcdc02859f4987301c856e3387ce5ec43bf70"
    integrity sha512-sPU4uV7dYlvtWJxwwxHD0PuihVNiE7TyAbQ5SWxDCB9mUYvOgroQOwYQQOKPJ8CIbE+1ETVlOoK1UC2nU3gYvg==
  
  mime-types@^2.1.12, mime-types@~2.1.19:
    version "2.1.35"
    resolved "https://registry.yarnpkg.com/mime-types/-/mime-types-2.1.35.tgz#381a871b62a734450660ae3deee44813f70d959a"
    integrity sha512-ZDY+bPm5zTTF+YpCrAU9nK0UgICYPT0QtT1NZWFv4s++TNkcgVaT0g6+4R2uI4MjQjzysHB1zxuWL50hzaeXiw==
    dependencies:
      mime-db "1.52.0"
  
  mimic-fn@^2.1.0:
    version "2.1.0"
    resolved "https://registry.yarnpkg.com/mimic-fn/-/mimic-fn-2.1.0.tgz#7ed2c2ccccaf84d3ffcb7a69b57711fc2083401b"
    integrity sha512-OqbOk5oEQeAZ8WXWydlu9HJjz9WVdEIvamMCcXmuqUYjTknH/sqsWvhQ3vgwKFRR1HpjvNBKQ37nbJgYzGqGcg==
  
  minimist@^1.2.0, minimist@^1.2.6:
    version "1.2.6"
    resolved "https://registry.yarnpkg.com/minimist/-/minimist-1.2.6.tgz#8637a5b759ea0d6e98702cfb3a9283323c93af44"
    integrity sha512-Jsjnk4bw3YJqYzbdyBiNsPWHPfO++UGG749Cxs6peCu5Xg4nrena6OVxOYxrQTqww0Jmwt+Ref8rggumkTLz9Q==
  
  mkdirp@^0.5.4:
    version "0.5.6"
    resolved "https://registry.yarnpkg.com/mkdirp/-/mkdirp-0.5.6.tgz#7def03d2432dcae4ba1d611445c48396062255f6"
    integrity sha512-FP+p8RB8OWpF3YZBCrP5gtADmtXApB5AMLn+vdyA+PyxCjrCs00mjyUozssO33cwDeT3wNGdLxJ5M//YqtHAJw==
    dependencies:
      minimist "^1.2.6"
  
  ms@2.0.0:
    version "2.0.0"
    resolved "https://registry.yarnpkg.com/ms/-/ms-2.0.0.tgz#5608aeadfc00be6c2901df5f9861788de0d597c8"
    integrity sha1-VgiurfwAvmwpAd9fmGF4jeDVl8g=
  
  ms@2.1.2:
    version "2.1.2"
    resolved "https://registry.yarnpkg.com/ms/-/ms-2.1.2.tgz#d09d1f357b443f493382a8eb3ccd183872ae6009"
    integrity sha512-sGkPx+VjMtmA6MX27oA4FBFELFCZZ4S4XqeGOXCv68tT+jb3vk/RyaKWP0PTKyWtmLSM0b+adUTEvbs1PEaH2w==
  
  ms@^2.1.1:
    version "2.1.3"
    resolved "https://registry.yarnpkg.com/ms/-/ms-2.1.3.tgz#574c8138ce1d2b5861f0b44579dbadd60c6615b2"
    integrity sha512-6FlzubTLZG3J2a/NVCAleEhjzq5oxgHyaCU9yYXvcLsvoVaHJq/s5xXI6/XXP6tz7R9xAOtHnSO/tXtF3WRTlA==
  
  neat-csv@^5.0.0:
    version "5.2.0"
    resolved "https://registry.yarnpkg.com/neat-csv/-/neat-csv-5.2.0.tgz#7c93c7d98dea8e29971bd9c52e0435cf9fdd939e"
    integrity sha512-JMbn4RPKo1heWhDihK9kbffxkDdd2uFSk30t3YOz1u3gsbIGhGUNlmGGa5H9yySLie3qU4lsLwrxQyirExD71A==
    dependencies:
      csv-parser "^2.3.2"
      get-stream "^5.1.0"
      to-readable-stream "^2.1.0"
  
  npm-path@^2.0.4:
    version "2.0.4"
    resolved "https://registry.yarnpkg.com/npm-path/-/npm-path-2.0.4.tgz#c641347a5ff9d6a09e4d9bce5580c4f505278e64"
    integrity sha512-IFsj0R9C7ZdR5cP+ET342q77uSRdtWOlWpih5eC+lu29tIDbNEgDbzgVJ5UFvYHWhxDZ5TFkJafFioO0pPQjCw==
    dependencies:
      which "^1.2.10"
  
  npm-run-path@^4.0.0:
    version "4.0.1"
    resolved "https://registry.yarnpkg.com/npm-run-path/-/npm-run-path-4.0.1.tgz#b7ecd1e5ed53da8e37a55e1c2269e0b97ed748ea"
    integrity sha512-S48WzZW777zhNIrn7gxOlISNAqi9ZC/uQFnRdbeIHhZhCA6UqpkOT8T1G7BvfdgP4Er8gF4sUbaS0i7QvIfCWw==
    dependencies:
      path-key "^3.0.0"
  
  oauth-sign@~0.9.0:
    version "0.9.0"
    resolved "https://registry.yarnpkg.com/oauth-sign/-/oauth-sign-0.9.0.tgz#47a7b016baa68b5fa0ecf3dee08a85c679ac6455"
    integrity sha512-fexhUFFPTGV8ybAtSIGbV6gOkSv8UtRbDBnAyLQw4QPKkgNlsH2ByPGtMUqdWkos6YCRmAqViwgZrJc/mRDzZQ==
  
  once@^1.3.1, once@^1.4.0:
    version "1.4.0"
    resolved "https://registry.yarnpkg.com/once/-/once-1.4.0.tgz#583b1aa775961d4b113ac17d9c50baef9dd76bd1"
    integrity sha1-WDsap3WWHUsROsF9nFC6753Xa9E=
    dependencies:
      wrappy "1"
  
  one-time@^1.0.0:
    version "1.0.0"
    resolved "https://registry.yarnpkg.com/one-time/-/one-time-1.0.0.tgz#e06bc174aed214ed58edede573b433bbf827cb45"
    integrity sha512-5DXOiRKwuSEcQ/l0kGCF6Q3jcADFv5tSmRaJck/OqkVFcOzutB134KRSfF0xDrL39MNnqxbHBbUUcjZIhTgb2g==
    dependencies:
      fn.name "1.x.x"
  
  onetime@^5.1.0:
    version "5.1.2"
    resolved "https://registry.yarnpkg.com/onetime/-/onetime-5.1.2.tgz#d0e96ebb56b07476df1dd9c4806e5237985ca45e"
    integrity sha512-kbpaSSGJTWdAY5KPVeMOKXSrPtr8C8C7wodJbcsd51jRnmD+GZu8Y0VoU6Dm5Z4vWr0Ig/1NKuWRKf7j5aaYSg==
    dependencies:
      mimic-fn "^2.1.0"
  
  p-finally@^2.0.0:
    version "2.0.1"
    resolved "https://registry.yarnpkg.com/p-finally/-/p-finally-2.0.1.tgz#bd6fcaa9c559a096b680806f4d657b3f0f240561"
    integrity sha512-vpm09aKwq6H9phqRQzecoDpD8TmVyGw70qmWlyq5onxY7tqyTTFVvxMykxQSQKILBSFlbXpypIw2T1Ml7+DDtw==
  
  path-key@^3.0.0, path-key@^3.1.0:
    version "3.1.1"
    resolved "https://registry.yarnpkg.com/path-key/-/path-key-3.1.1.tgz#581f6ade658cbba65a0d3380de7753295054f375"
    integrity sha512-ojmeN0qd+y0jszEtoY48r0Peq5dwMEkIlCOu6Q5f41lfkswXuKtYrhgoTpLnyIcHm24Uhqx+5Tqm2InSwLhE6Q==
  
  pend@~1.2.0:
    version "1.2.0"
    resolved "https://registry.yarnpkg.com/pend/-/pend-1.2.0.tgz#7a57eb550a6783f9115331fcf4663d5c8e007a50"
    integrity sha1-elfrVQpng/kRUzH89GY9XI4AelA=
  
  performance-now@^2.1.0:
    version "2.1.0"
    resolved "https://registry.yarnpkg.com/performance-now/-/performance-now-2.1.0.tgz#6309f4e0e5fa913ec1c69307ae364b4b377c9e7b"
    integrity sha1-Ywn04OX6kT7BxpMHrjZLSzd8nns=
  
  prettier@^2.7.1:
    version "2.7.1"
    resolved "https://registry.yarnpkg.com/prettier/-/prettier-2.7.1.tgz#e235806850d057f97bb08368a4f7d899f7760c64"
    integrity sha512-ujppO+MkdPqoVINuDFDRLClm7D78qbDt0/NR+wp5FqEZOoTNAjPHWj17QRhu7geIHJfcNhRk1XVQmF8Bp3ye+g==
  
  process-nextick-args@~2.0.0:
    version "2.0.1"
    resolved "https://registry.yarnpkg.com/process-nextick-args/-/process-nextick-args-2.0.1.tgz#7820d9b16120cc55ca9ae7792680ae7dba6d7fe2"
    integrity sha512-3ouUOpQhtgrbOa17J7+uxOTpITYWaGP7/AhoR3+A+/1e9skrzelGi/dXzEYyvbxubEF6Wn2ypscTKiKJFFn1ag==
  
  psl@^1.1.28:
    version "1.8.0"
    resolved "https://registry.yarnpkg.com/psl/-/psl-1.8.0.tgz#9326f8bcfb013adcc005fdff056acce020e51c24"
    integrity sha512-RIdOzyoavK+hA18OGGWDqUTsCLhtA7IcZ/6NCs4fFJaHBDab+pDDmDIByWFRQJq2Cd7r1OoQxBGKOaztq+hjIQ==
  
  pump@^3.0.0:
    version "3.0.0"
    resolved "https://registry.yarnpkg.com/pump/-/pump-3.0.0.tgz#b4a2116815bde2f4e1ea602354e8c75565107a64"
    integrity sha512-LwZy+p3SFs1Pytd/jYct4wpv49HiYCqd9Rlc5ZVdk0V+8Yzv6jR5Blk3TRmPL1ft69TxP0IMZGJ+WPFU2BFhww==
    dependencies:
      end-of-stream "^1.1.0"
      once "^1.3.1"
  
  punycode@^2.1.0, punycode@^2.1.1:
    version "2.1.1"
    resolved "https://registry.yarnpkg.com/punycode/-/punycode-2.1.1.tgz#b58b010ac40c22c5657616c8d2c2c02c7bf479ec"
    integrity sha512-XRsRjdf+j5ml+y/6GKHPZbrF/8p2Yga0JPtdqTIY2Xe5ohJPD9saDJJLPvp9+NSBprVvevdXZybnj2cv8OEd0A==
  
  qs@~6.5.2:
    version "6.5.3"
    resolved "https://registry.yarnpkg.com/qs/-/qs-6.5.3.tgz#3aeeffc91967ef6e35c0e488ef46fb296ab76aad"
    integrity sha512-qxXIEh4pCGfHICj1mAJQ2/2XVZkjCDTcEgfoSQxc/fYivUZxTkk7L3bDBJSoNrEzXI17oUO5Dp07ktqE5KzczA==
  
  "readable-stream@2 || 3", readable-stream@^3.4.0, readable-stream@^3.6.0:
    version "3.6.0"
    resolved "https://registry.yarnpkg.com/readable-stream/-/readable-stream-3.6.0.tgz#337bbda3adc0706bd3e024426a286d4b4b2c9198"
    integrity sha512-BViHy7LKeTz4oNnkcLJ+lVSL6vpiFeX6/d3oSH8zCW7UxP2onchk+vTGB143xuFjHS3deTgkKoXXymXqymiIdA==
    dependencies:
      inherits "^2.0.3"
      string_decoder "^1.1.1"
      util-deprecate "^1.0.1"
  
  readable-stream@^2.2.2:
    version "2.3.7"
    resolved "https://registry.yarnpkg.com/readable-stream/-/readable-stream-2.3.7.tgz#1eca1cf711aef814c04f62252a36a62f6cb23b57"
    integrity sha512-Ebho8K4jIbHAxnuxi7o42OrZgF/ZTNcsZj6nRKyUmkhLFq8CHItp/fy6hQZuZmP/n3yZ9VBUbp4zz/mX8hmYPw==
    dependencies:
      core-util-is "~1.0.0"
      inherits "~2.0.3"
      isarray "~1.0.0"
      process-nextick-args "~2.0.0"
      safe-buffer "~5.1.1"
      string_decoder "~1.1.1"
      util-deprecate "~1.0.1"
  
  request@^2.88.0:
    version "2.88.2"
    resolved "https://registry.yarnpkg.com/request/-/request-2.88.2.tgz#d73c918731cb5a87da047e207234146f664d12b3"
    integrity sha512-MsvtOrfG9ZcrOwAW+Qi+F6HbD0CWXEh9ou77uOb7FM2WPhwT7smM833PzanhJLsgXjN89Ir6V2PczXNnMpwKhw==
    dependencies:
      aws-sign2 "~0.7.0"
      aws4 "^1.8.0"
      caseless "~0.12.0"
      combined-stream "~1.0.6"
      extend "~3.0.2"
      forever-agent "~0.6.1"
      form-data "~2.3.2"
      har-validator "~5.1.3"
      http-signature "~1.2.0"
      is-typedarray "~1.0.0"
      isstream "~0.1.2"
      json-stringify-safe "~5.0.1"
      mime-types "~2.1.19"
      oauth-sign "~0.9.0"
      performance-now "^2.1.0"
      qs "~6.5.2"
      safe-buffer "^5.1.2"
      tough-cookie "~2.5.0"
      tunnel-agent "^0.6.0"
      uuid "^3.3.2"
  
  rsvp@^3.1.0:
    version "3.6.2"
    resolved "https://registry.yarnpkg.com/rsvp/-/rsvp-3.6.2.tgz#2e96491599a96cde1b515d5674a8f7a91452926a"
    integrity sha512-OfWGQTb9vnwRjwtA2QwpG2ICclHC3pgXZO5xt8H2EfgDquO0qVdSb5T88L4qJVAEugbS56pAuV4XZM58UX8ulw==
  
  safe-buffer@^5.0.1, safe-buffer@^5.1.2, safe-buffer@~5.2.0:
    version "5.2.1"
    resolved "https://registry.yarnpkg.com/safe-buffer/-/safe-buffer-5.2.1.tgz#1eaf9fa9bdb1fdd4ec75f58f9cdb4e6b7827eec6"
    integrity sha512-rp3So07KcdmmKbGvgaNxQSJr7bGVSVk5S9Eq1F+ppbRo70+YeaDxkw5Dd8NPN+GD6bjnYm2VuPuCXmpuYvmCXQ==
  
  safe-buffer@~5.1.0, safe-buffer@~5.1.1:
    version "5.1.2"
    resolved "https://registry.yarnpkg.com/safe-buffer/-/safe-buffer-5.1.2.tgz#991ec69d296e0313747d59bdfd2b745c35f8828d"
    integrity sha512-Gd2UZBJDkXlY7GbJxfsE8/nvKkUEU1G38c1siN6QP6a9PT9MmHB8GnpscSmMJSoF8LOIrt8ud/wPtojys4G6+g==
  
  safe-stable-stringify@^2.3.1:
    version "2.3.1"
    resolved "https://registry.yarnpkg.com/safe-stable-stringify/-/safe-stable-stringify-2.3.1.tgz#ab67cbe1fe7d40603ca641c5e765cb942d04fc73"
    integrity sha512-kYBSfT+troD9cDA85VDnHZ1rpHC50O0g1e6WlGHVCz/g+JS+9WKLj+XwFYyR8UbrZN8ll9HUpDAAddY58MGisg==
  
  safer-buffer@^2.0.2, safer-buffer@^2.1.0, safer-buffer@~2.1.0:
    version "2.1.2"
    resolved "https://registry.yarnpkg.com/safer-buffer/-/safer-buffer-2.1.2.tgz#44fa161b0187b9549dd84bb91802f9bd8385cd6a"
    integrity sha512-YZo3K82SD7Riyi0E1EQPojLz7kpepnSQI9IyPbHHg1XXXevb5dJI7tpyN2ADxGcQbHG7vcyRHk0cbwqcQriUtg==
  
  sec@^1.0.0:
    version "1.0.0"
    resolved "https://registry.yarnpkg.com/sec/-/sec-1.0.0.tgz#033d60a3ad20ecf2e00940d14f97823465774335"
    integrity sha1-Az1go60g7PLgCUDRT5eCNGV3QzU=
  
  shebang-command@^2.0.0:
    version "2.0.0"
    resolved "https://registry.yarnpkg.com/shebang-command/-/shebang-command-2.0.0.tgz#ccd0af4f8835fbdc265b82461aaf0c36663f34ea"
    integrity sha512-kHxr2zZpYtdmrN1qDjrrX/Z1rR1kG8Dx+gkpK1G4eXmvXswmcE1hTWBWYUzlraYw1/yZp6YuDY77YtvbN0dmDA==
    dependencies:
      shebang-regex "^3.0.0"
  
  shebang-regex@^3.0.0:
    version "3.0.0"
    resolved "https://registry.yarnpkg.com/shebang-regex/-/shebang-regex-3.0.0.tgz#ae16f1644d873ecad843b0307b143362d4c42172"
    integrity sha512-7++dFhtcx3353uBaq8DDR4NuxBetBzC7ZQOhmTQInHEd6bSrXdiEyzCvG07Z44UYdLShWUyXt5M/yhz8ekcb1A==
  
  signal-exit@^3.0.2:
    version "3.0.7"
    resolved "https://registry.yarnpkg.com/signal-exit/-/signal-exit-3.0.7.tgz#a9a1767f8af84155114eaabd73f99273c8f59ad9"
    integrity sha512-wnD2ZE+l+SPC/uoS0vXeE9L1+0wuaMqKlfz9AMUo38JsyLSBWSFcHR1Rri62LZc12vLr1gb3jl7iwQhgwpAbGQ==
  
  simple-swizzle@^0.2.2:
    version "0.2.2"
    resolved "https://registry.yarnpkg.com/simple-swizzle/-/simple-swizzle-0.2.2.tgz#a4da6b635ffcccca33f70d17cb92592de95e557a"
    integrity sha1-pNprY1/8zMoz9w0Xy5JZLeleVXo=
    dependencies:
      is-arrayish "^0.3.1"
  
  single-instance@^0.0.1:
    version "0.0.1"
    resolved "https://registry.yarnpkg.com/single-instance/-/single-instance-0.0.1.tgz#ef0f0673fe9800b6753445d97058d253f5d4b8ed"
    integrity sha512-NzMhoiPIi4BVTx+zDRzfscLm9xF+cGQnUJDzPhRpy0CTLR6roriv0+YYm1XH+PLQrcWUnxsQlYKiv2nRjkUV9Q==
    dependencies:
      rsvp "^3.1.0"
  
  speaker@^0.5.1:
    version "0.5.4"
    resolved "https://registry.yarnpkg.com/speaker/-/speaker-0.5.4.tgz#63dcd289999682becf20986efb9c0baf4862e07a"
    integrity sha512-0I35CJGgqU1rd/a3qVysR5gLlG+8QlzJcPAEnYvT0BLfuLdJ7JNdlQHwbh7ETNcXDXbzm2O148GEAoAER54Dvw==
    dependencies:
      bindings "^1.3.0"
      buffer-alloc "^1.1.0"
      debug "^4.0.0"
  
  sshpk@^1.7.0:
    version "1.17.0"
    resolved "https://registry.yarnpkg.com/sshpk/-/sshpk-1.17.0.tgz#578082d92d4fe612b13007496e543fa0fbcbe4c5"
    integrity sha512-/9HIEs1ZXGhSPE8X6Ccm7Nam1z8KcoCqPdI7ecm1N33EzAetWahvQWVqLZtaZQ+IDKX4IyA2o0gBzqIMkAagHQ==
    dependencies:
      asn1 "~0.2.3"
      assert-plus "^1.0.0"
      bcrypt-pbkdf "^1.0.0"
      dashdash "^1.12.0"
      ecc-jsbn "~0.1.1"
      getpass "^0.1.1"
      jsbn "~0.1.0"
      safer-buffer "^2.0.2"
      tweetnacl "~0.14.0"
  
  stack-trace@0.0.x:
    version "0.0.10"
    resolved "https://registry.yarnpkg.com/stack-trace/-/stack-trace-0.0.10.tgz#547c70b347e8d32b4e108ea1a2a159e5fdde19c0"
    integrity sha1-VHxws0fo0ytOEI6hoqFZ5f3eGcA=
  
  string-width@^4.2.3:
    version "4.2.3"
    resolved "https://registry.yarnpkg.com/string-width/-/string-width-4.2.3.tgz#269c7117d27b05ad2e536830a8ec895ef9c6d010"
    integrity sha512-wKyQRQpjJ0sIp62ErSZdGsjMJWsap5oRNihHhu6G7JVO/9jIB6UyevL+tXuOqrng8j/cxKTWyWUwvSTriiZz/g==
    dependencies:
      emoji-regex "^8.0.0"
      is-fullwidth-code-point "^3.0.0"
      strip-ansi "^6.0.1"
  
  string_decoder@^1.1.1:
    version "1.3.0"
    resolved "https://registry.yarnpkg.com/string_decoder/-/string_decoder-1.3.0.tgz#42f114594a46cf1a8e30b0a84f56c78c3edac21e"
    integrity sha512-hkRX8U1WjJFd8LsDJ2yQ/wWWxaopEsABU1XfkM8A+j0+85JAGppt16cr1Whg6KIbb4okU6Mql6BOj+uup/wKeA==
    dependencies:
      safe-buffer "~5.2.0"
  
  string_decoder@~1.1.1:
    version "1.1.1"
    resolved "https://registry.yarnpkg.com/string_decoder/-/string_decoder-1.1.1.tgz#9cf1611ba62685d7030ae9e4ba34149c3af03fc8"
    integrity sha512-n/ShnvDi6FHbbVfviro+WojiFzv+s8MPMHBczVePfUpDJLwoLT0ht1l4YwBCbi8pJAveEEdnkHyPyTP/mzRfwg==
    dependencies:
      safe-buffer "~5.1.0"
  
  strip-ansi@^6.0.1:
    version "6.0.1"
    resolved "https://registry.yarnpkg.com/strip-ansi/-/strip-ansi-6.0.1.tgz#9e26c63d30f53443e9489495b2105d37b67a85d9"
    integrity sha512-Y38VPSHcqkFrCpFnQ9vuSXmquuv5oXOKpGeT6aGrr3o3Gc9AlVa6JBfUSOCnbxGGZF+/0ooI7KrPuUSztUdU5A==
    dependencies:
      ansi-regex "^5.0.1"
  
  strip-final-newline@^2.0.0:
    version "2.0.0"
    resolved "https://registry.yarnpkg.com/strip-final-newline/-/strip-final-newline-2.0.0.tgz#89b852fb2fcbe936f6f4b3187afb0a12c1ab58ad"
    integrity sha512-BrpvfNAE3dcvq7ll3xVumzjKjZQ5tI1sEUIKr3Uoks0XUl45St3FlatVqef9prk4jRDzhW6WZg+3bk93y6pLjA==
  
  supports-color@^7.1.0:
    version "7.2.0"
    resolved "https://registry.yarnpkg.com/supports-color/-/supports-color-7.2.0.tgz#1b7dcdcb32b8138801b3e478ba6a51caa89648da"
    integrity sha512-qpCAvRl9stuOHveKsn7HncJRvv501qIacKzQlO/+Lwxc9+0q2wLyv4Dfvt80/DPn2pqOBsJdDiogXGR9+OvwRw==
    dependencies:
      has-flag "^4.0.0"
  
  taskkill@3:
    version "3.1.0"
    resolved "https://registry.yarnpkg.com/taskkill/-/taskkill-3.1.0.tgz#28001339feb23bfae3f447902c4b4abcdd057680"
    integrity sha512-5KcOFzPvd1nGFVrmB7H4+QAWVjYOf//+QTbOj0GpXbqtqbKGWVczG+rq6VhXAtdtlKLTs16NAmHRyF5vbggQ2w==
    dependencies:
      arrify "^2.0.1"
      execa "^3.3.0"
  
  tasklist@4:
    version "4.0.1"
    resolved "https://registry.yarnpkg.com/tasklist/-/tasklist-4.0.1.tgz#5b43a1f8cb42df630b62e035facf97dcd7b0a50c"
    integrity sha512-7LJMIp/Q1MjXCeyVmhccCL5+hIfFeH6uL8PqJZ/TmF4RuWnj8wYpXW5lDRLKkIjm93pMtFV6ERd5I0c3NJ82yQ==
    dependencies:
      neat-csv "^5.0.0"
      sec "^1.0.0"
  
  text-hex@1.0.x:
    version "1.0.0"
    resolved "https://registry.yarnpkg.com/text-hex/-/text-hex-1.0.0.tgz#69dc9c1b17446ee79a92bf5b884bb4b9127506f5"
    integrity sha512-uuVGNWzgJ4yhRaNSiubPY7OjISw4sw4E5Uv0wbjp+OzcbmVU/rsT8ujgcXJhn9ypzsgr5vlzpPqP+MBBKcGvbg==
  
  through2@^3.0.1:
    version "3.0.2"
    resolved "https://registry.yarnpkg.com/through2/-/through2-3.0.2.tgz#99f88931cfc761ec7678b41d5d7336b5b6a07bf4"
    integrity sha512-enaDQ4MUyP2W6ZyT6EsMzqBPZaM/avg8iuo+l2d3QCs0J+6RaqkHV/2/lOwDTueBHeJ/2LG9lrLW3d5rWPucuQ==
    dependencies:
      inherits "^2.0.4"
      readable-stream "2 || 3"
  
  to-readable-stream@^2.1.0:
    version "2.1.0"
    resolved "https://registry.yarnpkg.com/to-readable-stream/-/to-readable-stream-2.1.0.tgz#82880316121bea662cdc226adb30addb50cb06e8"
    integrity sha512-o3Qa6DGg1CEXshSdvWNX2sN4QHqg03SPq7U6jPXRahlQdl5dK8oXjkU/2/sGrnOZKeGV1zLSO8qPwyKklPPE7w==
  
  tough-cookie@~2.5.0:
    version "2.5.0"
    resolved "https://registry.yarnpkg.com/tough-cookie/-/tough-cookie-2.5.0.tgz#cd9fb2a0aa1d5a12b473bd9fb96fa3dcff65ade2"
    integrity sha512-nlLsUzgm1kfLXSXfRZMc1KLAugd4hqJHDTvc2hDIwS3mZAfMEuMbc03SujMF+GEcpaX/qboeycw6iO8JwVv2+g==
    dependencies:
      psl "^1.1.28"
      punycode "^2.1.1"
  
  triple-beam@^1.3.0:
    version "1.3.0"
    resolved "https://registry.yarnpkg.com/triple-beam/-/triple-beam-1.3.0.tgz#a595214c7298db8339eeeee083e4d10bd8cb8dd9"
    integrity sha512-XrHUvV5HpdLmIj4uVMxHggLbFSZYIn7HEWsqePZcI50pco+MPqJ50wMGY794X7AOOhxOBAjbkqfAbEe/QMp2Lw==
  
  tslib@^1.11.1:
    version "1.14.1"
    resolved "https://registry.yarnpkg.com/tslib/-/tslib-1.14.1.tgz#cf2d38bdc34a134bcaf1091c41f6619e2f672d00"
    integrity sha512-Xni35NKzjgMrwevysHTCArtLDpPvye8zV/0E4EyYn43P7/7qvQwPh9BGkHewbMulVntbigmcT7rdX3BNo9wRJg==
  
  tslib@^2.3.1:
    version "2.4.0"
    resolved "https://registry.yarnpkg.com/tslib/-/tslib-2.4.0.tgz#7cecaa7f073ce680a05847aa77be941098f36dc3"
    integrity sha512-d6xOpEDfsi2CZVlPQzGeux8XMwLT9hssAsaPYExaQMuYskwb+x1x7J371tWlbBdWHroy99KnVB6qIkUbs5X3UQ==
  
  tunnel-agent@^0.6.0:
    version "0.6.0"
    resolved "https://registry.yarnpkg.com/tunnel-agent/-/tunnel-agent-0.6.0.tgz#27a5dea06b36b04a0a9966774b290868f0fc40fd"
    integrity sha1-J6XeoGs2sEoKmWZ3SykIaPD8QP0=
    dependencies:
      safe-buffer "^5.0.1"
  
  tweetnacl@^0.14.3, tweetnacl@~0.14.0:
    version "0.14.5"
    resolved "https://registry.yarnpkg.com/tweetnacl/-/tweetnacl-0.14.5.tgz#5ae68177f192d4456269d108afa93ff8743f4f64"
    integrity sha1-WuaBd/GS1EViadEIr6k/+HQ/T2Q=
  
  typedarray@^0.0.6:
    version "0.0.6"
    resolved "https://registry.yarnpkg.com/typedarray/-/typedarray-0.0.6.tgz#867ac74e3864187b1d3d47d996a78ec5c8830777"
    integrity sha1-hnrHTjhkGHsdPUfZlqeOxciDB3c=
  
  universalify@^0.1.0:
    version "0.1.2"
    resolved "https://registry.yarnpkg.com/universalify/-/universalify-0.1.2.tgz#b646f69be3942dabcecc9d6639c80dc105efaa66"
    integrity sha512-rBJeI5CXAlmy1pV+617WB9J63U6XcazHHF2f2dbJix4XzpUF0RS3Zbj0FGIOCAva5P/d/GBOYaACQ1w+0azUkg==
  
  universalify@^2.0.0:
    version "2.0.0"
    resolved "https://registry.yarnpkg.com/universalify/-/universalify-2.0.0.tgz#75a4984efedc4b08975c5aeb73f530d02df25717"
    integrity sha512-hAZsKq7Yy11Zu1DE0OzWjw7nnLZmJZYTDZZyEFHZdUhV8FkH5MCfoU1XMaxXovpyW5nq5scPqq0ZDP9Zyl04oQ==
  
  uri-js@^4.2.2:
    version "4.4.1"
    resolved "https://registry.yarnpkg.com/uri-js/-/uri-js-4.4.1.tgz#9b1a52595225859e55f669d928f88c6c57f2a77e"
    integrity sha512-7rKUyy33Q1yc98pQ1DAmLtwX109F7TIfWlW1Ydo8Wl1ii1SeHieeh0HHfPeL2fMXK6z0s8ecKs9frCuLJvndBg==
    dependencies:
      punycode "^2.1.0"
  
  util-deprecate@^1.0.1, util-deprecate@~1.0.1:
    version "1.0.2"
    resolved "https://registry.yarnpkg.com/util-deprecate/-/util-deprecate-1.0.2.tgz#450d4dc9fa70de732762fbd2d4a28981419a0ccf"
    integrity sha1-RQ1Nyfpw3nMnYvvS1KKJgUGaDM8=
  
  uuid@^3.3.2:
    version "3.4.0"
    resolved "https://registry.yarnpkg.com/uuid/-/uuid-3.4.0.tgz#b23e4358afa8a202fe7a100af1f5f883f02007ee"
    integrity sha512-HjSDRw6gZE5JMggctHBcjVak08+KEVhSIiDzFnT9S9aegmp85S/bReBVTb4QTFaRNptJ9kuYaNhnbNEOkbKb/A==
  
  uuid@^8.3.2:
    version "8.3.2"
    resolved "https://registry.yarnpkg.com/uuid/-/uuid-8.3.2.tgz#80d5b5ced271bb9af6c445f21a1a04c606cefbe2"
    integrity sha512-+NYs2QeMWy+GWFOEm9xnn6HCDp0l7QBD7ml8zLUmJ+93Q5NF0NocErnwkTkXVFNiX3/fpC6afS8Dhb/gz7R7eg==
  
  verror@1.10.0:
    version "1.10.0"
    resolved "https://registry.yarnpkg.com/verror/-/verror-1.10.0.tgz#3a105ca17053af55d6e270c1f8288682e18da400"
    integrity sha1-OhBcoXBTr1XW4nDB+CiGguGNpAA=
    dependencies:
      assert-plus "^1.0.0"
      core-util-is "1.0.2"
      extsprintf "^1.2.0"
  
  which@^1.1.1, which@^1.2.10:
    version "1.3.1"
    resolved "https://registry.yarnpkg.com/which/-/which-1.3.1.tgz#a45043d54f5805316da8d62f9f50918d3da70b0a"
    integrity sha512-HxJdYWq1MTIQbJ3nw0cqssHoTNU267KlrDuGZ1WYlxDStUtKUhOaJmh112/TZmHxxUfuJqPXSOm7tDyas0OSIQ==
    dependencies:
      isexe "^2.0.0"
  
  which@^2.0.1:
    version "2.0.2"
    resolved "https://registry.yarnpkg.com/which/-/which-2.0.2.tgz#7c6a8dd0a636a0327e10b59c9286eee93f3f51b1"
    integrity sha512-BLI3Tl1TW3Pvl70l3yq3Y64i+awpwXqsGBYWkkqMtnbXgrMD+yj7rhW0kuEDxzJaYXGjEW5ogapKNMEKNMjibA==
    dependencies:
      isexe "^2.0.0"
  
  winston-transport@^4.5.0:
    version "4.5.0"
    resolved "https://registry.yarnpkg.com/winston-transport/-/winston-transport-4.5.0.tgz#6e7b0dd04d393171ed5e4e4905db265f7ab384fa"
    integrity sha512-YpZzcUzBedhlTAfJg6vJDlyEai/IFMIVcaEZZyl3UXIl4gmqRpU7AE89AHLkbzLUsv0NVmw7ts+iztqKxxPW1Q==
    dependencies:
      logform "^2.3.2"
      readable-stream "^3.6.0"
      triple-beam "^1.3.0"
  
  winston@^3.2.1:
    version "3.7.2"
    resolved "https://registry.yarnpkg.com/winston/-/winston-3.7.2.tgz#95b4eeddbec902b3db1424932ac634f887c400b1"
    integrity sha512-QziIqtojHBoyzUOdQvQiar1DH0Xp9nF1A1y7NVy2DGEsz82SBDtOalS0ulTRGVT14xPX3WRWkCsdcJKqNflKng==
    dependencies:
      "@dabh/diagnostics" "^2.0.2"
      async "^3.2.3"
      is-stream "^2.0.0"
      logform "^2.4.0"
      one-time "^1.0.0"
      readable-stream "^3.4.0"
      safe-stable-stringify "^2.3.1"
      stack-trace "0.0.x"
      triple-beam "^1.3.0"
      winston-transport "^4.5.0"
  
  wrappy@1:
    version "1.0.2"
    resolved "https://registry.yarnpkg.com/wrappy/-/wrappy-1.0.2.tgz#b5243d8f3ec1aa35f1364605bc0d1036e30ab69f"
    integrity sha1-tSQ9jz7BqjXxNkYFvA0QNuMKtp8=
  
  yauzl@^2.10.0:
    version "2.10.0"
    resolved "https://registry.yarnpkg.com/yauzl/-/yauzl-2.10.0.tgz#c7eb17c93e112cb1086fa6d8e51fb0667b79a5f9"
    integrity sha1-x+sXyT4RLLEIb6bY5R+wZnt5pfk=
    dependencies:
      buffer-crc32 "~0.2.3"
      fd-slicer "~1.1.0"
